1462
0 a 569
0 b 513
1 a 560
1 b 487
2 a 561
2 b 503
3 a 558
3 b 504
4 a 558
4 b 542
5 a 561
5 b 511
6 a 482
6 b 542
7 a 617
7 b 488
8 a 616
8 b 498
9 a 617
9 b 530
10 a 613
10 b 488
11 a 664
11 b 489
12 a 637
12 b 493
13 a 627
13 b 515
14 a 660
14 b 495
15 a 554
15 b 537
16 a 545
16 b 498
17 a 625
17 b 505
18 a 658
18 b 507
19 a 612
19 b 523
20 a 624
20 b 509
21 a 679
21 b 530
22 a 992
22 b 508
23 a 994
23 b 505
24 a 54
24 b 495
25 a 54
25 b 551
26 a 112
26 b 479
27 a 124
27 b 496
28 a 753
28 b 540
29 a 160
29 b 500
30 a 85
30 b 501
31 a 85
31 b 510
32 a 138
32 b 516
33 a 163
33 b 507
34 a 140
34 b 519
35 a 143
35 b 528
36 a 266
36 b 517
37 a 182
37 b 512
38 a 812
38 b 514
39 a 149
39 b 515
40 a 152
40 b 527
41 a 159
41 b 524
42 a 562
42 b 943
43 a 565
43 b 967
44 a 568
44 b 921
45 a 607
45 b 931
46 a 608
46 b 931
47 a 637
47 b 943
48 a 607
48 b 977
49 a 608
49 b 977
50 a 577
50 b 948
51 a 619
51 b 967
52 a 667
52 b 967
53 a 631
53 b 925
54 a 550
54 b 925
55 a 636
55 b 1006
56 a 550
56 b 918
57 a 549
57 b 918
58 a 524
58 b 918
59 a 676
59 b 948
60 a 687
60 b 948
61 a 662
61 b 936
62 a 678
62 b 936
63 a 554
63 b 1006
64 a 584
64 b 1
65 a 584
65 b 17
66 a 602
66 b 2
67 a 604
67 b 20
68 a 541
68 b 2
69 a 656
69 b 3
70 a 581
70 b 2
71 a 684
71 b 3
72 a 622
72 b 21
73 a 678
73 b 6
74 a 659
74 b 12
75 a 661
75 b 13
76 a 666
76 b 19
77 a 480
77 b 47
78 a 605
78 b 43
79 a 527
79 b 47
80 a 512
80 b 48
81 a 506
81 b 43
82 a 549
82 b 57
83 a 517
83 b 62
84 a 541
84 b 188
85 a 479
85 b 694
86 a 481
86 b 694
87 a 626
87 b 697
88 a 514
88 b 824
89 a 570
89 b 334
90 a 571
90 b 406
91 a 571
91 b 157
92 a 606
92 b 65
93 a 628
93 b 74
94 a 661
94 b 72
95 a 661
95 b 69
96 a 565
96 b 169
97 a 531
97 b 736
98 a 531
98 b 193
99 a 676
99 b 83
100 a 592
100 b 304
101 a 606
101 b 31
102 a 628
102 b 27
103 a 661
103 b 37
104 a 477
104 b 738
105 a 477
105 b 204
106 a 533
106 b 340
107 a 533
107 b 335
108 a 534
108 b 93
109 a 534
109 b 336
110 a 585
110 b 738
111 a 586
111 b 337
112 a 479
112 b 724
113 a 479
113 b 225
114 a 589
114 b 416
115 a 591
115 b 713
116 a 596
116 b 142
117 a 601
117 b 145
118 a 593
118 b 334
119 a 601
119 b 411
120 a 600
120 b 94
121 a 595
121 b 336
122 a 600
122 b 316
123 a 596
123 b 472
124 a 481
124 b 724
125 a 603
125 b 724
126 a 579
126 b 93
127 a 579
127 b 336
128 a 605
128 b 96
129 a 605
129 b 435
130 a 605
130 b 245
131 a 574
131 b 372
132 a 574
132 b 178
133 a 577
133 b 332
134 a 576
134 b 142
135 a 575
135 b 93
136 a 576
136 b 171
137 a 539
137 b 192
138 a 527
138 b 730
139 a 619
139 b 421
140 a 491
140 b 751
141 a 491
141 b 245
142 a 623
142 b 406
143 a 514
143 b 733
144 a 682
144 b 733
145 a 553
145 b 320
146 a 517
146 b 197
147 a 630
147 b 751
148 a 580
148 b 736
149 a 512
149 b 735
150 a 621
150 b 759
151 a 635
151 b 739
152 a 539
152 b 795
153 a 687
153 b 357
154 a 539
154 b 193
155 a 649
155 b 193
156 a 649
156 b 345
157 a 653
157 b 347
158 a 672
158 b 746
159 a 524
159 b 746
160 a 486
160 b 759
161 a 486
161 b 240
162 a 644
162 b 759
163 a 506
163 b 764
164 a 683
164 b 129
165 a 651
165 b 374
166 a 583
166 b 142
167 a 550
167 b 216
168 a 653
168 b 240
169 a 547
169 b 232
170 a 654
170 b 907
171 a 655
171 b 418
172 a 550
172 b 766
173 a 635
173 b 886
174 a 634
174 b 906
175 a 582
175 b 335
176 a 583
176 b 171
177 a 583
177 b 472
178 a 667
178 b 438
179 a 553
179 b 334
180 a 688
180 b 157
181 a 526
181 b 759
182 a 522
182 b 713
183 a 522
183 b 238
184 a 524
184 b 235
185 a 683
185 b 315
186 a 685
186 b 418
187 a 526
187 b 240
188 a 993
188 b 1008
189 a 52
189 b 948
190 a 52
190 b 1013
191 a 696
191 b 1000
192 a 830
192 b 955
193 a 254
193 b 922
194 a 255
194 b 922
195 a 161
195 b 922
196 a 143
196 b 957
197 a 266
197 b 957
198 a 160
198 b 957
199 a 854
199 b 929
200 a 855
200 b 929
201 a 818
201 b 929
202 a 371
202 b 931
203 a 396
203 b 930
204 a 400
204 b 931
205 a 401
205 b 931
206 a 318
206 b 959
207 a 254
207 b 988
208 a 255
208 b 988
209 a 414
209 b 967
210 a 161
210 b 988
211 a 784
211 b 995
212 a 860
212 b 924
213 a 881
213 b 924
214 a 89
214 b 995
215 a 338
215 b 977
216 a 377
216 b 969
217 a 170
217 b 969
218 a 310
218 b 945
219 a 263
219 b 995
220 a 174
220 b 995
221 a 362
221 b 953
222 a 282
222 b 953
223 a 171
223 b 953
224 a 383
224 b 953
225 a 385
225 b 953
226 a 386
226 b 953
227 a 747
227 b 955
228 a 727
228 b 932
229 a 761
229 b 932
230 a 97
230 b 917
231 a 282
231 b 926
232 a 385
232 b 926
233 a 114
233 b 977
234 a 358
234 b 977
235 a 404
235 b 963
236 a 409
236 b 963
237 a 275
237 b 918
238 a 276
238 b 918
239 a 275
239 b 947
240 a 276
240 b 947
241 a 162
241 b 947
242 a 212
242 b 948
243 a 212
243 b 1013
244 a 402
244 b 936
245 a 394
245 b 977
246 a 220
246 b 1013
247 a 902
247 b 1015
248 a 170
248 b 979
249 a 985
249 b 0
250 a 983
250 b 2
251 a 985
251 b 21
252 a 1004
252 b 8
253 a 1003
253 b 59
254 a 917
254 b 768
255 a 1007
255 b 768
256 a 997
256 b 834
257 a 915
257 b 837
258 a 986
258 b 846
259 a 1009
259 b 849
260 a 987
260 b 906
261 a 982
261 b 789
262 a 986
262 b 720
263 a 983
263 b 789
264 a 984
264 b 390
265 a 965
265 b 89
266 a 917
266 b 780
267 a 1000
267 b 794
268 a 1000
268 b 211
269 a 962
269 b 739
270 a 974
270 b 794
271 a 934
271 b 156
272 a 962
272 b 886
273 a 965
273 b 121
274 a 1012
274 b 92
275 a 1001
275 b 780
276 a 1005
276 b 780
277 a 1016
277 b 749
278 a 971
278 b 391
279 a 1007
279 b 780
280 a 964
280 b 907
281 a 1017
281 b 815
282 a 1019
282 b 815
283 a 823
283 b 2
284 a 254
284 b 15
285 a 860
285 b 19
286 a 426
286 b 0
287 a 909
287 b 0
288 a 286
288 b 4
289 a 370
289 b 3
290 a 863
290 b 8
291 a 864
291 b 20
292 a 773
292 b 14
293 a 425
293 b 10
294 a 373
294 b 9
295 a 180
295 b 11
296 a 758
296 b 12
297 a 184
297 b 13
298 a 402
298 b 19
299 a 113
299 b 18
300 a 762
300 b 17
301 a 464
301 b 20
302 a 463
302 b 21
303 a 758
303 b 47
304 a 86
304 b 62
305 a 158
305 b 43
306 a 813
306 b 59
307 a 56
307 b 65
308 a 56
308 b 31
309 a 56
309 b 191
310 a 50
310 b 861
311 a 52
311 b 354
312 a 53
312 b 193
313 a 53
313 b 345
314 a 50
314 b 906
315 a 53
315 b 329
316 a 56
316 b 277
317 a 202
317 b 188
318 a 135
318 b 697
319 a 695
319 b 834
320 a 695
320 b 840
321 a 691
321 b 906
322 a 726
322 b 824
323 a 98
323 b 826
324 a 703
324 b 826
325 a 831
325 b 837
326 a 833
326 b 850
327 a 828
327 b 788
328 a 827
328 b 92
329 a 830
329 b 712
330 a 832
330 b 380
331 a 836
331 b 749
332 a 88
332 b 76
333 a 773
333 b 70
334 a 86
334 b 73
335 a 113
335 b 67
336 a 183
336 b 72
337 a 184
337 b 69
338 a 66
338 b 900
339 a 71
339 b 447
340 a 760
340 b 698
341 a 838
341 b 322
342 a 883
342 b 841
343 a 842
343 b 796
344 a 841
344 b 379
345 a 254
345 b 77
346 a 212
346 b 83
347 a 276
347 b 82
348 a 317
348 b 305
349 a 141
349 b 25
350 a 88
350 b 35
351 a 113
351 b 26
352 a 86
352 b 36
353 a 183
353 b 37
354 a 894
354 b 843
355 a 843
355 b 403
356 a 775
356 b 732
357 a 141
357 b 84
358 a 844
358 b 774
359 a 877
359 b 846
360 a 846
360 b 272
361 a 851
361 b 280
362 a 853
362 b 781
363 a 852
363 b 175
364 a 318
364 b 436
365 a 212
365 b 256
366 a 244
366 b 319
367 a 854
367 b 98
368 a 722
368 b 859
369 a 880
369 b 89
370 a 407
370 b 90
371 a 89
371 b 897
372 a 338
372 b 372
373 a 339
373 b 142
374 a 158
374 b 96
375 a 914
375 b 720
376 a 800
376 b 732
377 a 732
377 b 790
378 a 742
378 b 790
379 a 717
379 b 864
380 a 740
380 b 865
381 a 741
381 b 865
382 a 711
382 b 864
383 a 175
383 b 864
384 a 865
384 b 796
385 a 864
385 b 781
386 a 866
386 b 781
387 a 224
387 b 340
388 a 203
388 b 320
389 a 98
389 b 755
390 a 703
390 b 755
391 a 726
391 b 891
392 a 224
392 b 342
393 a 86
393 b 197
394 a 898
394 b 774
395 a 813
395 b 99
396 a 100
396 b 886
397 a 884
397 b 722
398 a 869
398 b 801
399 a 868
399 b 815
400 a 739
400 b 793
401 a 763
401 b 793
402 a 153
402 b 739
403 a 714
403 b 739
404 a 870
404 b 821
405 a 873
405 b 121
406 a 115
406 b 435
407 a 114
407 b 455
408 a 115
408 b 245
409 a 876
409 b 821
410 a 220
410 b 326
411 a 206
411 b 359
412 a 903
412 b 799
413 a 453
413 b 123
414 a 121
414 b 745
415 a 120
415 b 907
416 a 125
416 b 232
417 a 125
417 b 225
418 a 125
418 b 451
419 a 206
419 b 336
420 a 220
420 b 332
421 a 147
421 b 365
422 a 366
422 b 373
423 a 396
423 b 131
424 a 215
424 b 258
425 a 248
425 b 259
426 a 139
426 b 185
427 a 310
427 b 428
428 a 371
428 b 178
429 a 215
429 b 316
430 a 413
430 b 129
431 a 302
431 b 130
432 a 424
432 b 374
433 a 246
433 b 375
434 a 263
434 b 762
435 a 394
435 b 141
436 a 144
436 b 216
437 a 377
437 b 167
438 a 144
438 b 437
439 a 895
439 b 809
440 a 893
440 b 106
441 a 106
441 b 896
442 a 407
442 b 145
443 a 145
443 b 442
444 a 472
444 b 392
445 a 392
445 b 464
446 a 248
446 b 93
447 a 147
447 b 243
448 a 148
448 b 891
449 a 760
449 b 887
450 a 311
450 b 180
451 a 385
451 b 113
452 a 892
452 b 819
453 a 288
453 b 408
454 a 431
454 b 406
455 a 453
455 b 411
456 a 411
456 b 134
457 a 414
457 b 438
458 a 224
458 b 335
459 a 908
459 b 815
460 a 904
460 b 133
461 a 164
461 b 421
462 a 294
462 b 416
463 a 295
463 b 168
464 a 465
464 b 171
465 a 171
465 b 444
466 a 383
466 b 466
467 a 913
467 b 819
468 a 174
468 b 910
469 a 301
469 b 417
470 a 471
470 b 418
471 a 472
471 b 177
472 a 469
472 b 472
473 a 1406
473 b 499
474 a 1415
474 b 654
475 a 1461
475 b 632
476 a 1052
476 b 495
477 a 1052
477 b 551
478 a 1061
478 b 536
479 a 1426
479 b 479
480 a 1425
480 b 519
481 a 1431
481 b 521
482 a 1448
482 b 494
483 a 1316
483 b 494
484 a 1310
484 b 514
485 a 1248
485 b 474
486 a 1439
486 b 484
487 a 1439
487 b 486
488 a 1217
488 b 670
489 a 1201
489 b 557
490 a 1445
490 b 566
491 a 1063
491 b 516
492 a 1283
492 b 540
493 a 1179
493 b 546
494 a 1064
494 b 501
495 a 1064
495 b 510
496 a 1126
496 b 517
497 a 1128
497 b 521
498 a 1208
498 b 590
499 a 1208
499 b 502
500 a 1071
500 b 477
501 a 1066
501 b 479
502 a 1210
502 b 484
503 a 1255
503 b 485
504 a 1247
504 b 628
505 a 1248
505 b 490
506 a 1065
506 b 500
507 a 1209
507 b 487
508 a 1256
508 b 620
509 a 1445
509 b 655
510 a 1257
510 b 507
511 a 1210
511 b 486
512 a 1068
512 b 512
513 a 1215
513 b 629
514 a 1260
514 b 495
515 a 1078
515 b 496
516 a 1078
516 b 537
517 a 1192
517 b 537
518 a 1069
518 b 527
519 a 1225
519 b 512
520 a 1225
520 b 524
521 a 1295
521 b 507
522 a 1075
522 b 507
523 a 1264
523 b 675
524 a 1265
524 b 515
525 a 1073
525 b 515
526 a 1071
526 b 519
527 a 1079
527 b 524
528 a 1080
528 b 528
529 a 1084
529 b 519
530 a 1277
530 b 683
531 a 1420
531 b 1006
532 a 1061
532 b 1006
533 a 1107
533 b 925
534 a 1107
534 b 919
535 a 1308
535 b 975
536 a 1125
536 b 957
537 a 1126
537 b 957
538 a 1065
538 b 957
539 a 1080
539 b 957
540 a 1284
540 b 917
541 a 1152
541 b 930
542 a 1247
542 b 942
543 a 1216
543 b 942
544 a 1346
544 b 975
545 a 1348
545 b 975
546 a 1247
546 b 950
547 a 1252
547 b 1006
548 a 1287
548 b 932
549 a 1295
549 b 932
550 a 1081
550 b 917
551 a 1293
551 b 1000
552 a 1211
552 b 1019
553 a 1264
553 b 950
554 a 1192
554 b 1006
555 a 1216
555 b 950
556 a 1413
556 b 5
557 a 1417
557 b 839
558 a 1407
558 b 721
559 a 1395
559 b 356
560 a 1385
560 b 721
561 a 1385
561 b 207
562 a 1392
562 b 352
563 a 1409
563 b 806
564 a 1419
564 b 102
565 a 1414
565 b 806
566 a 1415
566 b 274
567 a 1419
567 b 353
568 a 1418
568 b 299
569 a 1461
569 b 292
570 a 1436
570 b 792
571 a 1436
571 b 200
572 a 1351
572 b 5
573 a 1177
573 b 9
574 a 1025
574 b 825
575 a 1023
575 b 746
576 a 1023
576 b 236
577 a 1025
577 b 733
578 a 1421
578 b 49
579 a 1423
579 b 693
580 a 1422
580 b 777
581 a 1421
581 b 735
582 a 1423
582 b 724
583 a 1423
583 b 221
584 a 1187
584 b 48
585 a 1115
585 b 331
586 a 1101
586 b 795
587 a 1094
587 b 258
588 a 1107
588 b 766
589 a 1254
589 b 22
590 a 1255
590 b 22
591 a 1162
591 b 23
592 a 1034
592 b 730
593 a 1043
593 b 735
594 a 1040
594 b 738
595 a 1030
595 b 713
596 a 1030
596 b 237
597 a 1035
597 b 759
598 a 1035
598 b 239
599 a 1040
599 b 205
600 a 1050
600 b 751
601 a 1050
601 b 234
602 a 1049
602 b 764
603 a 1433
603 b 291
604 a 1434
604 b 177
605 a 1186
605 b 693
606 a 1188
606 b 694
607 a 1332
607 b 769
608 a 1378
608 b 769
609 a 1317
609 b 64
610 a 1317
610 b 30
611 a 1303
611 b 872
612 a 1304
612 b 872
613 a 1308
613 b 349
614 a 1315
614 b 207
615 a 1315
615 b 284
616 a 1451
616 b 721
617 a 1451
617 b 208
618 a 1334
618 b 848
619 a 1217
619 b 395
620 a 1208
620 b 252
621 a 1173
621 b 251
622 a 1134
622 b 130
623 a 1219
623 b 306
624 a 1454
624 b 351
625 a 1458
625 b 103
626 a 1220
626 b 94
627 a 1179
627 b 792
628 a 1179
628 b 199
629 a 1247
629 b 253
630 a 1136
630 b 303
631 a 1133
631 b 899
632 a 1208
632 b 38
633 a 1138
633 b 134
634 a 1196
634 b 736
635 a 1196
635 b 194
636 a 1183
636 b 777
637 a 1351
637 b 778
638 a 1352
638 b 778
639 a 1343
639 b 272
640 a 1344
640 b 297
641 a 1140
641 b 287
642 a 1353
642 b 324
643 a 1346
643 b 146
644 a 1444
644 b 290
645 a 1348
645 b 350
646 a 1321
646 b 449
647 a 1321
647 b 299
648 a 1175
648 b 90
649 a 1186
649 b 724
650 a 1201
650 b 333
651 a 1201
651 b 397
652 a 1350
652 b 101
653 a 1251
653 b 792
654 a 1256
654 b 333
655 a 1445
655 b 363
656 a 1446
656 b 273
657 a 1143
657 b 123
658 a 1187
658 b 735
659 a 1258
659 b 735
660 a 1188
660 b 724
661 a 1188
661 b 226
662 a 1259
662 b 129
663 a 1373
663 b 794
664 a 1365
664 b 353
665 a 1077
665 b 119
666 a 1074
666 b 745
667 a 1211
667 b 888
668 a 1372
668 b 309
669 a 1369
669 b 809
670 a 1215
670 b 367
671 a 1151
671 b 285
672 a 1212
672 b 296
673 a 1266
673 b 369
674 a 1168
674 b 129
675 a 1264
675 b 460
676 a 1332
676 b 780
677 a 1378
677 b 780
678 a 1376
678 b 809
679 a 1374
679 b 393
680 a 1382
680 b 102
681 a 1272
681 b 395
682 a 1245
682 b 300
683 a 1277
683 b 405
684 a 1270
684 b 271
685 a 1271
685 b 273
686 a 1379
686 b 352
687 a 1194
687 b 759
688 a 1216
688 b 440
689 a 1176
689 b 296
690 a 1174
690 b 177
691 a 577
691 b 1386
692 a 666
692 b 1398
693 a 669
693 b 1398
694 a 678
694 b 1398
695 a 671
695 b 1391
696 a 528
696 b 1391
697 a 640
697 b 1411
698 a 639
698 b 1021
699 a 639
699 b 1422
700 a 602
700 b 1054
701 a 600
701 b 1056
702 a 570
702 b 1119
703 a 531
703 b 1112
704 a 477
704 b 1098
705 a 533
705 b 1113
706 a 586
706 b 1091
707 a 480
707 b 1098
708 a 592
708 b 1118
709 a 593
709 b 1119
710 a 577
710 b 1106
711 a 582
711 b 1087
712 a 492
712 b 1103
713 a 659
713 b 1098
714 a 687
714 b 1117
715 a 586
715 b 1430
716 a 663
716 b 1427
717 a 582
717 b 1428
718 a 581
718 b 1430
719 a 648
719 b 1028
720 a 559
720 b 1045
721 a 584
721 b 1042
722 a 663
722 b 1031
723 a 587
723 b 1433
724 a 604
724 b 1433
725 a 531
725 b 1280
726 a 580
726 b 1280
727 a 477
727 b 1314
728 a 480
728 b 1314
729 a 594
729 b 1450
730 a 625
730 b 1178
731 a 573
731 b 1171
732 a 594
732 b 1338
733 a 633
733 b 1456
734 a 578
734 b 1132
735 a 578
735 b 1173
736 a 584
736 b 1124
737 a 657
737 b 1130
738 a 665
738 b 1132
739 a 673
739 b 1340
740 a 588
740 b 1438
741 a 588
741 b 1250
742 a 586
742 b 1155
743 a 587
743 b 1162
744 a 599
744 b 1296
745 a 599
745 b 1360
746 a 657
746 b 1140
747 a 675
747 b 1241
748 a 658
748 b 1183
749 a 642
749 b 1184
750 a 634
750 b 1322
751 a 622
751 b 1173
752 a 626
752 b 1349
753 a 492
753 b 1299
754 a 660
754 b 1202
755 a 633
755 b 1298
756 a 541
756 b 1155
757 a 541
757 b 1170
758 a 641
758 b 1297
759 a 659
759 b 1149
760 a 528
760 b 1203
761 a 518
761 b 1297
762 a 518
762 b 1330
763 a 651
763 b 1172
764 a 656
764 b 1172
765 a 581
765 b 1155
766 a 666
766 b 1161
767 a 690
767 b 1172
768 a 989
768 b 1402
769 a 991
769 b 1402
770 a 1014
770 b 1402
771 a 960
771 b 1421
772 a 957
772 b 1092
773 a 1011
773 b 1092
774 a 941
774 b 1092
775 a 987
775 b 1429
776 a 996
776 b 1429
777 a 1018
777 b 1028
778 a 926
778 b 1036
779 a 928
779 b 1434
780 a 946
780 b 1432
781 a 953
781 b 1434
782 a 963
782 b 1432
783 a 982
783 b 1302
784 a 983
784 b 1302
785 a 995
785 b 1307
786 a 956
786 b 1307
787 a 998
787 b 1312
788 a 944
788 b 1343
789 a 926
789 b 1062
790 a 978
790 b 1453
791 a 957
791 b 1286
792 a 1004
792 b 1133
793 a 977
793 b 1138
794 a 958
794 b 1349
795 a 1016
795 b 1342
796 a 928
796 b 1376
797 a 929
797 b 1376
798 a 931
798 b 1167
799 a 942
799 b 1163
800 a 987
800 b 1141
801 a 968
801 b 1189
802 a 916
802 b 1141
803 a 996
803 b 1141
804 a 916
804 b 1147
805 a 969
805 b 1446
806 a 954
806 b 1074
807 a 955
807 b 1153
808 a 961
808 b 1077
809 a 961
809 b 1174
810 a 970
810 b 1286
811 a 933
811 b 1187
812 a 1011
812 b 1286
813 a 966
813 b 1286
814 a 951
814 b 1146
815 a 941
815 b 1148
816 a 963
816 b 1177
817 a 949
817 b 1164
818 a 964
818 b 1163
819 a 976
819 b 1077
820 a 952
820 b 1163
821 a 981
821 b 1174
822 a 165
822 b 1393
823 a 441
823 b 1393
824 a 452
824 b 1393
825 a 467
825 b 1393
826 a 104
826 b 1396
827 a 750
827 b 1402
828 a 310
828 b 1398
829 a 901
829 b 1390
830 a 910
830 b 1390
831 a 468
831 b 1394
832 a 368
832 b 1416
833 a 133
833 b 1414
834 a 384
834 b 1416
835 a 278
835 b 1416
836 a 427
836 b 1460
837 a 268
837 b 1020
838 a 361
838 b 1021
839 a 890
839 b 1025
840 a 384
840 b 1026
841 a 344
841 b 1423
842 a 330
842 b 1422
843 a 247
843 b 1086
844 a 425
844 b 1028
845 a 247
845 b 1031
846 a 341
846 b 1043
847 a 360
847 b 1045
848 a 268
848 b 1037
849 a 270
849 b 1033
850 a 368
850 b 1046
851 a 278
851 b 1048
852 a 717
852 b 1434
853 a 392
853 b 1433
854 a 729
854 b 1307
855 a 715
855 b 1307
856 a 905
856 b 1309
857 a 875
857 b 1311
858 a 913
858 b 1312
859 a 706
859 b 1333
860 a 111
860 b 1333
861 a 882
861 b 1335
862 a 218
862 b 1338
863 a 706
863 b 1453
864 a 445
864 b 1455
865 a 355
865 b 1457
866 a 433
866 b 1456
867 a 172
867 b 1179
868 a 411
868 b 1130
869 a 311
869 b 1132
870 a 293
870 b 1339
871 a 456
871 b 1340
872 a 105
872 b 1341
873 a 700
873 b 1164
874 a 701
874 b 1163
875 a 843
875 b 1146
876 a 317
876 b 1171
877 a 298
877 b 1224
878 a 423
878 b 1241
879 a 152
879 b 1183
880 a 702
880 b 1167
881 a 106
881 b 1349
882 a 410
882 b 1254
883 a 466
883 b 1445
884 a 710
884 b 1446
885 a 725
885 b 1187
886 a 348
886 b 1360
887 a 267
887 b 1188
888 a 889
888 b 1291
889 a 705
889 b 1177
890 a 716
890 b 1153
891 a 452
891 b 1294
892 a 218
892 b 1325
893 a 708
893 b 1174
894 a 364
894 b 1271
895 a 366
895 b 1173
896 a 443
896 b 1296
897 a 422
897 b 1371
898 a 450
898 b 1298
899 a 912
899 b 1298
900 a 110
900 b 1330
901 a 310
901 b 1161
902 a 264
902 b 1332
903 a 145
903 b 1166
904 a 711
904 b 1376
905 a 392
905 b 1162
906 a 105
906 b 1301
907 a 110
907 b 1381
908 a 422
908 b 1289
909 a 165
909 b 1361
910 a 441
910 b 1375
911 a 424
911 b 1172
912 a 433
912 b 1363
913 a 246
913 b 1170
914 a 178
914 b 1274
915 a 1046
915 b 1391
916 a 1318
916 b 1416
917 a 1070
917 b 1396
918 a 1320
918 b 1416
919 a 1324
919 b 1416
920 a 1296
920 b 1416
921 a 1273
921 b 1412
922 a 1404
922 b 1021
923 a 1403
923 b 1023
924 a 1393
924 b 1421
925 a 1404
925 b 1422
926 a 1396
926 b 1103
927 a 1416
927 b 1093
928 a 1384
928 b 1427
929 a 1384
929 b 1031
930 a 1403
930 b 1043
931 a 1412
931 b 1045
932 a 1387
932 b 1187
933 a 1396
933 b 1299
934 a 1388
934 b 1157
935 a 1402
935 b 1082
936 a 1410
936 b 1184
937 a 1408
937 b 1145
938 a 1394
938 b 1157
939 a 1416
939 b 1286
940 a 1413
940 b 1156
941 a 1405
941 b 1299
942 a 1460
942 b 1032
943 a 1460
943 b 1194
944 a 1375
944 b 1436
945 a 1337
945 b 1023
946 a 1453
946 b 1024
947 a 1320
947 b 1026
948 a 1294
948 b 1020
949 a 1363
949 b 1021
950 a 1368
950 b 1025
951 a 1154
951 b 1024
952 a 1360
952 b 1024
953 a 1455
953 b 1423
954 a 1292
954 b 1421
955 a 1370
955 b 1423
956 a 1371
956 b 1422
957 a 1447
957 b 1188
958 a 1220
958 b 1056
959 a 1281
959 b 1103
960 a 1335
960 b 1097
961 a 1457
961 b 1100
962 a 1196
962 b 1111
963 a 1328
963 b 1086
964 a 1256
964 b 1090
965 a 1300
965 b 1093
966 a 1245
966 b 1114
967 a 1281
967 b 1033
968 a 1452
968 b 1038
969 a 1318
969 b 1046
970 a 1456
970 b 1029
971 a 1249
971 b 1032
972 a 1328
972 b 1031
973 a 1354
973 b 1038
974 a 1142
974 b 1029
975 a 1294
975 b 1037
976 a 1296
976 b 1048
977 a 1358
977 b 1043
978 a 1371
978 b 1034
979 a 1360
979 b 1040
980 a 1362
980 b 1045
981 a 1364
981 b 1044
982 a 1040
982 b 1314
983 a 1047
983 b 1297
984 a 1039
984 b 1299
985 a 1047
985 b 1329
986 a 1046
986 b 1205
987 a 1196
987 b 1280
988 a 1282
988 b 1188
989 a 1333
989 b 1311
990 a 1185
990 b 1314
991 a 1357
991 b 1311
992 a 1303
992 b 1145
993 a 1380
993 b 1218
994 a 1383
994 b 1336
995 a 1356
995 b 1457
996 a 1457
996 b 1299
997 a 1076
997 b 1179
998 a 1138
998 b 1130
999 a 1278
999 b 1130
1000 a 1127
1000 b 1188
1001 a 1140
1001 b 1135
1002 a 1244
1002 b 1135
1003 a 1284
1003 b 1187
1004 a 1285
1004 b 1082
1005 a 1169
1005 b 1345
1006 a 1257
1006 b 1183
1007 a 1069
1007 b 1183
1008 a 1249
1008 b 1194
1009 a 1253
1009 b 1268
1010 a 1255
1010 b 1159
1011 a 1260
1011 b 1202
1012 a 1300
1012 b 1286
1013 a 1355
1013 b 1373
1014 a 1291
1014 b 1332
1015 a 1292
1015 b 1332
1016 a 1150
1016 b 1214
1017 a 1266
1017 b 1159
1018 a 1165
1018 b 1289
1019 a 1273
1019 b 1377
1020 a 669
1020 b 473
1021 a 638
1021 b 475
1022 a 608
1022 b 562
1023 a 563
1023 b 615
1024 a 608
1024 b 664
1025 a 677
1025 b 609
1026 a 548
1026 b 544
1027 a 660
1027 b 520
1028 a 937
1028 b 552
1029 a 856
1029 b 473
1030 a 412
1030 b 473
1031 a 255
1031 b 556
1032 a 855
1032 b 568
1033 a 386
1033 b 561
1034 a 401
1034 b 562
1035 a 409
1035 b 567
1036 a 85
1036 b 476
1037 a 279
1037 b 482
1038 a 255
1038 b 483
1039 a 857
1039 b 611
1040 a 213
1040 b 618
1041 a 213
1041 b 609
1042 a 791
1042 b 550
1043 a 358
1043 b 664
1044 a 275
1044 b 544
1045 a 275
1045 b 643
1046 a 378
1046 b 645
1047 a 327
1047 b 680
1048 a 409
1048 b 646
1049 a 281
1049 b 668
1050 a 398
1050 b 614
1051 a 439
1051 b 615
1052 a 577
1052 b 923
1053 a 598
1053 b 931
1054 a 686
1054 b 943
1055 a 597
1055 b 948
1056 a 598
1056 b 977
1057 a 681
1057 b 967
1058 a 525
1058 b 925
1059 a 689
1059 b 925
1060 a 525
1060 b 918
1061 a 548
1061 b 940
1062 a 584
1062 b 16
1063 a 602
1063 b 7
1064 a 531
1064 b 45
1065 a 570
1065 b 128
1066 a 531
1066 b 734
1067 a 540
1067 b 699
1068 a 592
1068 b 78
1069 a 533
1069 b 262
1070 a 586
1070 b 136
1071 a 595
1071 b 116
1072 a 593
1072 b 128
1073 a 600
1073 b 166
1074 a 606
1074 b 307
1075 a 575
1075 b 91
1076 a 577
1076 b 132
1077 a 628
1077 b 313
1078 a 580
1078 b 734
1079 a 687
1079 b 117
1080 a 634
1080 b 744
1081 a 582
1081 b 95
1082 a 661
1082 b 419
1083 a 661
1083 b 179
1084 a 517
1084 b 756
1085 a 517
1085 b 242
1086 a 829
1086 b 973
1087 a 187
1087 b 922
1088 a 181
1088 b 957
1089 a 847
1089 b 1015
1090 a 874
1090 b 929
1091 a 461
1091 b 931
1092 a 254
1092 b 972
1093 a 255
1093 b 972
1094 a 88
1094 b 972
1095 a 289
1095 b 959
1096 a 430
1096 b 967
1097 a 783
1097 b 994
1098 a 785
1098 b 1014
1099 a 858
1099 b 937
1100 a 362
1100 b 968
1101 a 378
1101 b 968
1102 a 281
1102 b 968
1103 a 386
1103 b 968
1104 a 871
1104 b 924
1105 a 911
1105 b 924
1106 a 415
1106 b 969
1107 a 261
1107 b 994
1108 a 388
1108 b 945
1109 a 118
1109 b 995
1110 a 415
1110 b 953
1111 a 399
1111 b 953
1112 a 459
1112 b 953
1113 a 878
1113 b 955
1114 a 871
1114 b 936
1115 a 797
1115 b 1014
1116 a 799
1116 b 1014
1117 a 454
1117 b 963
1118 a 150
1118 b 918
1119 a 150
1119 b 947
1120 a 209
1120 b 948
1121 a 161
1121 b 972
1122 a 462
1122 b 977
1123 a 186
1123 b 979
1124 a 935
1124 b 44
1125 a 982
1125 b 808
1126 a 983
1126 b 808
1127 a 984
1127 b 269
1128 a 932
1128 b 752
1129 a 932
1129 b 219
1130 a 927
1130 b 396
1131 a 927
1131 b 170
1132 a 938
1132 b 448
1133 a 939
1133 b 389
1134 a 81
1134 b 16
1135 a 790
1135 b 44
1136 a 819
1136 b 44
1137 a 56
1137 b 307
1138 a 56
1138 b 325
1139 a 770
1139 b 389
1140 a 770
1140 b 381
1141 a 113
1141 b 68
1142 a 771
1142 b 382
1143 a 79
1143 b 312
1144 a 80
1144 b 313
1145 a 113
1145 b 24
1146 a 776
1146 b 860
1147 a 760
1147 b 845
1148 a 254
1148 b 154
1149 a 785
1149 b 88
1150 a 88
1150 b 420
1151 a 803
1151 b 860
1152 a 98
1152 b 862
1153 a 703
1153 b 862
1154 a 712
1154 b 321
1155 a 772
1155 b 87
1156 a 772
1156 b 230
1157 a 773
1157 b 107
1158 a 704
1158 b 802
1159 a 779
1159 b 174
1160 a 782
1160 b 797
1161 a 797
1161 b 468
1162 a 798
1162 b 170
1163 a 86
1163 b 346
1164 a 86
1164 b 242
1165 a 137
1165 b 446
1166 a 821
1166 b 310
1167 a 141
1167 b 387
1168 a 141
1168 b 109
1169 a 804
1169 b 402
1170 a 805
1170 b 902
1171 a 810
1171 b 219
1172 a 810
1172 b 434
1173 a 817
1173 b 396
1174 a 183
1174 b 419
1175 a 161
1175 b 429
1176 a 821
1176 b 173
1177 a 184
1177 b 179
1178 a 1390
1178 b 667
1179 a 1447
1179 b 514
1180 a 1058
1180 b 538
1181 a 1424
1181 b 538
1182 a 1282
1182 b 514
1183 a 1313
1183 b 550
1184 a 1269
1184 b 569
1185 a 1158
1185 b 567
1186 a 1160
1186 b 572
1187 a 1064
1187 b 476
1188 a 1125
1188 b 482
1189 a 1208
1189 b 650
1190 a 1438
1190 b 555
1191 a 1347
1191 b 610
1192 a 1260
1192 b 520
1193 a 1206
1193 b 543
1194 a 1269
1194 b 652
1195 a 1057
1195 b 920
1196 a 1099
1196 b 940
1197 a 1104
1197 b 920
1198 a 1105
1198 b 920
1199 a 1051
1199 b 925
1200 a 1051
1200 b 919
1201 a 1318
1201 b 929
1202 a 1072
1202 b 957
1203 a 1320
1203 b 929
1204 a 1144
1204 b 930
1205 a 1324
1205 b 929
1206 a 1366
1206 b 975
1207 a 1276
1207 b 950
1208 a 1396
1208 b 59
1209 a 1418
1209 b 75
1210 a 1396
1210 b 765
1211 a 1384
1211 b 92
1212 a 1390
1212 b 376
1213 a 1403
1213 b 89
1214 a 1403
1214 b 121
1215 a 1405
1215 b 765
1216 a 1412
1216 b 156
1217 a 1460
1217 b 274
1218 a 1294
1218 b 14
1219 a 1363
1219 b 8
1220 a 1026
1220 b 756
1221 a 1060
1221 b 61
1222 a 1123
1222 b 51
1223 a 1104
1223 b 58
1224 a 1281
1224 b 59
1225 a 1196
1225 b 46
1226 a 1200
1226 b 51
1227 a 1322
1227 b 42
1228 a 1204
1228 b 42
1229 a 1327
1229 b 60
1230 a 1055
1230 b 822
1231 a 1060
1231 b 198
1232 a 1059
1232 b 231
1233 a 1059
1233 b 222
1234 a 1122
1234 b 190
1235 a 1110
1235 b 195
1236 a 1095
1236 b 233
1237 a 1109
1237 b 217
1238 a 1110
1238 b 227
1239 a 1279
1239 b 822
1240 a 1331
1240 b 835
1241 a 1281
1241 b 99
1242 a 1305
1242 b 323
1243 a 1317
1243 b 308
1244 a 1307
1244 b 173
1245 a 1311
1245 b 752
1246 a 1449
1246 b 210
1247 a 1333
1247 b 803
1248 a 1452
1248 b 101
1249 a 1335
1249 b 260
1250 a 1294
1250 b 70
1251 a 1456
1251 b 250
1252 a 1245
1252 b 249
1253 a 1318
1253 b 133
1254 a 1337
1254 b 89
1255 a 1453
1255 b 127
1256 a 1457
1256 b 765
1257 a 1220
1257 b 166
1258 a 1129
1258 b 283
1259 a 1208
1259 b 328
1260 a 1196
1260 b 734
1261 a 1438
1261 b 201
1262 a 1199
1262 b 195
1263 a 1200
1263 b 233
1264 a 1291
1264 b 732
1265 a 1256
1265 b 265
1266 a 1328
1266 b 257
1267 a 1202
1267 b 222
1268 a 1368
1268 b 175
1269 a 1357
1269 b 803
1270 a 1296
1270 b 122
1271 a 1358
1271 b 121
1272 a 1360
1272 b 127
1273 a 1371
1273 b 135
1274 a 1360
1274 b 106
1275 a 1207
1275 b 241
1276 a 1362
1276 b 156
1277 a 1364
1277 b 155
1278 a 1085
1278 b 109
1279 a 597
1279 b 1386
1280 a 674
1280 b 1398
1281 a 497
1281 b 1400
1282 a 501
1282 b 1400
1283 a 663
1283 b 1022
1284 a 582
1284 b 1053
1285 a 606
1285 b 1120
1286 a 584
1286 b 1139
1287 a 586
1287 b 1131
1288 a 581
1288 b 1131
1289 a 478
1289 b 1236
1290 a 478
1290 b 1275
1291 a 532
1291 b 1221
1292 a 532
1292 b 1437
1293 a 588
1293 b 1213
1294 a 501
1294 b 1197
1295 a 594
1295 b 1290
1296 a 502
1296 b 1232
1297 a 529
1297 b 1443
1298 a 483
1298 b 1190
1299 a 669
1299 b 1242
1300 a 677
1300 b 1206
1301 a 529
1301 b 1193
1302 a 980
1302 b 1402
1303 a 990
1303 b 1450
1304 a 990
1304 b 1338
1305 a 925
1305 b 1453
1306 a 999
1306 b 1456
1307 a 926
1307 b 1137
1308 a 1010
1308 b 1340
1309 a 988
1309 b 1441
1310 a 987
1310 b 1083
1311 a 991
1311 b 1243
1312 a 924
1312 b 1152
1313 a 996
1313 b 1083
1314 a 935
1314 b 1151
1315 a 1002
1315 b 1297
1316 a 1006
1316 b 1297
1317 a 1006
1317 b 1330
1318 a 14
1318 b 1401
1319 a 13
1319 b 1399
1320 a 826
1320 b 1389
1321 a 752
1321 b 1393
1322 a 432
1322 b 1393
1323 a 728
1323 b 1396
1324 a 879
1324 b 1389
1325 a 867
1325 b 1397
1326 a 754
1326 b 1401
1327 a 709
1327 b 1402
1328 a 230
1328 b 1399
1329 a 228
1329 b 1399
1330 a 229
1330 b 1399
1331 a 457
1331 b 1394
1332 a 467
1332 b 1410
1333 a 40
1333 b 1459
1334 a 766
1334 b 1460
1335 a 28
1335 b 1435
1336 a 15
1336 b 1180
1337 a 13
1337 b 1234
1338 a 15
1338 b 1228
1339 a 55
1339 b 1197
1340 a 55
1340 b 1223
1341 a 63
1341 b 1181
1342 a 807
1342 b 1107
1343 a 268
1343 b 1041
1344 a 692
1344 b 1325
1345 a 826
1345 b 1193
1346 a 733
1346 b 1309
1347 a 723
1347 b 1309
1348 a 765
1348 b 1333
1349 a 816
1349 b 1318
1350 a 718
1350 b 1453
1351 a 743
1351 b 1455
1352 a 757
1352 b 1456
1353 a 814
1353 b 1457
1354 a 699
1354 b 1326
1355 a 35
1355 b 1440
1356 a 25
1356 b 1222
1357 a 25
1357 b 1443
1358 a 33
1358 b 1233
1359 a 34
1359 b 1232
1360 a 32
1360 b 1236
1361 a 37
1361 b 1238
1362 a 37
1362 b 1263
1363 a 29
1363 b 1275
1364 a 41
1364 b 1193
1365 a 719
1365 b 1339
1366 a 737
1366 b 1340
1367 a 196
1367 b 1221
1368 a 754
1368 b 1441
1369 a 137
1369 b 1139
1370 a 887
1370 b 1239
1371 a 196
1371 b 1240
1372 a 731
1372 b 1360
1373 a 343
1373 b 1191
1374 a 738
1374 b 1298
1375 a 230
1375 b 1237
1376 a 105
1376 b 1367
1377 a 885
1377 b 1262
1378 a 327
1378 b 1242
1379 a 751
1379 b 1289
1380 a 752
1380 b 1375
1381 a 229
1381 b 1267
1382 a 764
1382 b 1361
1383 a 757
1383 b 1363
1384 a 1037
1384 b 1400
1385 a 1288
1385 b 1396
1386 a 1359
1386 b 1416
1387 a 1384
1387 b 1022
1388 a 1384
1388 b 1055
1389 a 1386
1389 b 1121
1390 a 1393
1390 b 1074
1391 a 1404
1391 b 1133
1392 a 1391
1392 b 1377
1393 a 1341
1393 b 1435
1394 a 1455
1394 b 1025
1395 a 1370
1395 b 1025
1396 a 1027
1396 b 1181
1397 a 1089
1397 b 1102
1398 a 1309
1398 b 1107
1399 a 1450
1399 b 1102
1400 a 1204
1400 b 1116
1401 a 1108
1401 b 1319
1402 a 1294
1402 b 1041
1403 a 1037
1403 b 1198
1404 a 1036
1404 b 1263
1405 a 1042
1405 b 1227
1406 a 1306
1406 b 1336
1407 a 1314
1407 b 1345
1408 a 1297
1408 b 1457
1409 a 1371
1409 b 1133
1410 a 1323
1410 b 1231
1411 a 1182
1411 b 1261
1412 a 1182
1412 b 1229
1413 a 1286
1413 b 1289
1414 a 1356
1414 b 1291
1415 a 1292
1415 b 1074
1416 a 1324
1416 b 1191
1417 a 1375
1417 b 1211
1418 a 1299
1418 b 1297
1419 a 1299
1419 b 1329
1420 a 677
1420 b 564
1421 a 255
1421 b 647
1422 a 786
1422 b 612
1423 a 362
1423 b 624
1424 a 597
1424 b 923
1425 a 606
1425 b 108
1426 a 582
1426 b 176
1427 a 399
1427 b 968
1428 a 470
1428 b 953
1429 a 187
1429 b 972
1430 a 820
1430 b 1014
1431 a 939
1431 b 151
1432 a 772
1432 b 314
1433 a 781
1433 b 383
1434 a 113
1434 b 458
1435 a 1105
1435 b 535
1436 a 1324
1436 b 568
1437 a 1096
1437 b 920
1438 a 1359
1438 b 929
1439 a 1384
1439 b 126
1440 a 1450
1440 b 60
1441 a 1060
1441 b 189
1442 a 1428
1442 b 223
1443 a 1302
1443 b 214
1444 a 1309
1444 b 174
1445 a 1455
1445 b 175
1446 a 1294
1446 b 107
1447 a 532
1447 b 1226
1448 a 990
1448 b 1290
1449 a 767
1449 b 1393
1450 a 39
1450 b 1399
1451 a 787
1451 b 1410
1452 a 748
1452 b 1459
1453 a 15
1453 b 1235
1454 a 724
1454 b 1455
1455 a 26
1455 b 1442
1456 a 811
1456 b 1230
1457 a 228
1457 b 1246
1458 a 707
1458 b 1367
1459 a 1088
1459 b 1195
1460 a 1341
1460 b 1262
1461 a 1297
1461 b 1291
1067
1020
0
1
2
3
4
5
6
7
8
9
10
11
12
13
14
15
16
17
18
19
20
21
22
23
24
25
26
27
28
29
30
31
32
33
34
35
36
37
38
39
40
41
42
43
44
45
46
47
48
49
50
51
52
53
54
55
56
57
58
59
60
61
62
63
64
65
66
67
68
69
70
71
72
73
74
75
76
77
78
79
80
81
82
83
84
85
86
87
88
89
90
91
92
93
94
95
96
97
98
99
100
101
102
103
104
105
106
107
108
109
110
111
112
113
114
115
116
117
118
119
120
121
122
123
124
125
126
127
128
129
130
131
132
133
134
135
136
137
138
139
140
141
142
143
144
145
146
147
148
149
150
151
152
153
154
155
156
157
158
159
160
161
162
163
164
165
166
167
168
169
170
171
172
173
174
175
176
177
178
179
180
181
182
183
184
185
186
187
188
189
190
191
192
193
194
195
196
197
198
199
200
201
202
203
204
205
206
207
208
209
210
211
212
213
214
215
216
217
218
219
220
221
222
223
224
225
226
227
228
229
230
231
232
233
234
235
236
237
238
239
240
241
242
243
244
245
246
247
248
249
250
251
252
253
254
255
256
257
258
259
260
261
262
263
264
265
266
267
268
269
270
271
272
273
274
275
276
277
278
279
280
281
282
283
284
285
286
287
288
289
290
291
292
293
294
295
296
297
298
299
300
301
302
303
304
305
306
307
308
309
310
311
312
313
314
315
316
317
318
319
320
321
322
323
324
325
326
327
328
329
330
331
332
333
334
335
336
337
338
339
340
341
342
343
344
345
346
347
348
349
350
351
352
353
354
355
356
357
358
359
360
361
362
363
364
365
366
367
368
369
370
371
372
373
374
375
376
377
378
379
380
381
382
383
384
385
386
387
388
389
390
391
392
393
394
395
396
397
398
399
400
401
402
403
404
405
406
407
408
409
410
411
412
413
414
415
416
417
418
419
420
421
422
423
424
425
426
427
428
429
430
431
432
433
434
435
436
437
438
439
440
441
442
443
444
445
446
447
448
449
450
451
452
453
454
455
456
457
458
459
460
461
462
463
464
465
466
467
468
469
470
471
472
473
474
475
476
477
478
479
480
481
482
483
484
485
486
487
488
489
490
491
492
493
494
495
496
497
498
499
500
501
502
503
504
505
506
507
508
509
510
511
512
513
514
515
516
517
518
519
520
521
522
523
524
525
526
527
528
529
530
531
532
533
534
535
536
537
538
539
540
541
542
543
544
545
546
547
548
549
550
551
552
553
554
555
556
557
558
559
560
561
562
563
564
565
566
567
568
569
570
571
572
573
574
575
576
577
578
579
580
581
582
583
584
585
586
587
588
589
590
591
592
593
594
595
596
597
598
599
600
601
602
603
604
605
606
607
608
609
610
611
612
613
614
615
616
617
618
619
620
621
622
623
624
625
626
627
628
629
630
631
632
633
634
635
636
637
638
639
640
641
642
643
644
645
646
647
648
649
650
651
652
653
654
655
656
657
658
659
660
661
662
663
664
665
666
667
668
669
670
671
672
673
674
675
676
677
678
679
680
681
682
683
684
685
686
687
688
689
690
691
692
693
694
695
696
697
698
699
700
701
702
703
704
705
706
707
708
709
710
711
712
713
714
715
716
717
718
719
720
721
722
723
724
725
726
727
728
729
730
731
732
733
734
735
736
737
738
739
740
741
742
743
744
745
746
747
748
749
750
751
752
753
754
755
756
757
758
759
760
761
762
763
764
765
766
767
768
769
770
771
772
773
774
775
776
777
778
779
780
781
782
783
784
785
786
787
788
789
790
791
792
793
794
795
796
797
798
799
800
801
802
803
804
805
806
807
808
809
810
811
812
813
814
815
816
817
818
819
820
821
822
823
824
825
826
827
828
829
830
831
832
833
834
835
836
837
838
839
840
841
842
843
844
845
846
847
848
849
850
851
852
853
854
855
856
857
858
859
860
861
862
863
864
865
866
867
868
869
870
871
872
873
874
875
876
877
878
879
880
881
882
883
884
885
886
887
888
889
890
891
892
893
894
895
896
897
898
899
900
901
902
903
904
905
906
907
908
909
910
911
912
913
914
915
916
917
918
919
920
921
922
923
924
925
926
927
928
929
930
931
932
933
934
935
936
937
938
939
940
941
942
943
944
945
946
947
948
949
950
951
952
953
954
955
956
957
958
959
960
961
962
963
964
965
966
967
968
969
970
971
972
973
974
975
976
977
978
979
980
981
982
983
984
985
986
987
988
989
990
991
992
993
994
995
996
997
998
999
1000
1001
1002
1003
1004
1005
1006
1007
1008
1009
1010
1011
1012
1013
1014
1015
1016
1017
1018
1019
400
1020
1021
1022
1023
1024
1025
1026
1027
1028
1029
1030
1031
1032
1033
1034
1035
1036
1037
1038
1039
1040
1041
1042
1043
1044
1045
1046
1047
1048
1049
1050
1051
1052
1053
1054
1055
1056
1057
1058
1059
1060
1061
1062
1063
1064
1065
1066
1067
1068
1069
1070
1071
1072
1073
1074
1075
1076
1077
1078
1079
1080
1081
1082
1083
1084
1085
1086
1087
1088
1089
1090
1091
1092
1093
1094
1095
1096
1097
1098
1099
1100
1101
1102
1103
1104
1105
1106
1107
1108
1109
1110
1111
1112
1113
1114
1115
1116
1117
1118
1119
1120
1121
1122
1123
1124
1125
1126
1127
1128
1129
1130
1131
1132
1133
1134
1135
1136
1137
1138
1139
1140
1141
1142
1143
1144
1145
1146
1147
1148
1149
1150
1151
1152
1153
1154
1155
1156
1157
1158
1159
1160
1161
1162
1163
1164
1165
1166
1167
1168
1169
1170
1171
1172
1173
1174
1175
1176
1177
1178
1179
1180
1181
1182
1183
1184
1185
1186
1187
1188
1189
1190
1191
1192
1193
1194
1195
1196
1197
1198
1199
1200
1201
1202
1203
1204
1205
1206
1207
1208
1209
1210
1211
1212
1213
1214
1215
1216
1217
1218
1219
1220
1221
1222
1223
1224
1225
1226
1227
1228
1229
1230
1231
1232
1233
1234
1235
1236
1237
1238
1239
1240
1241
1242
1243
1244
1245
1246
1247
1248
1249
1250
1251
1252
1253
1254
1255
1256
1257
1258
1259
1260
1261
1262
1263
1264
1265
1266
1267
1268
1269
1270
1271
1272
1273
1274
1275
1276
1277
1278
1279
1280
1281
1282
1283
1284
1285
1286
1287
1288
1289
1290
1291
1292
1293
1294
1295
1296
1297
1298
1299
1300
1301
1302
1303
1304
1305
1306
1307
1308
1309
1310
1311
1312
1313
1314
1315
1316
1317
1318
1319
1320
1321
1322
1323
1324
1325
1326
1327
1328
1329
1330
1331
1332
1333
1334
1335
1336
1337
1338
1339
1340
1341
1342
1343
1344
1345
1346
1347
1348
1349
1350
1351
1352
1353
1354
1355
1356
1357
1358
1359
1360
1361
1362
1363
1364
1365
1366
1367
1368
1369
1370
1371
1372
1373
1374
1375
1376
1377
1378
1379
1380
1381
1382
1383
1384
1385
1386
1387
1388
1389
1390
1391
1392
1393
1394
1395
1396
1397
1398
1399
1400
1401
1402
1403
1404
1405
1406
1407
1408
1409
1410
1411
1412
1413
1414
1415
1416
1417
1418
1419
42
1420
1421
1422
1423
1424
1425
1426
1427
1428
1429
1430
1431
1432
1433
1434
1435
1436
1437
1438
1439
1440
1441
1442
1443
1444
1445
1446
1447
1448
1449
1450
1451
1452
1453
1454
1455
1456
1457
1458
1459
1460
1461
