401
0 a 355
0 b 23
1 a 354
1 b 29
2 a 355
2 b 29
3 a 352
3 b 130
4 a 353
4 b 130
5 a 362
5 b 85
6 a 361
6 b 91
7 a 362
7 b 91
8 a 381
8 b 215
9 a 357
9 b 314
10 a 376
10 b 107
11 a 358
11 b 293
12 a 360
12 b 253
13 a 359
13 b 297
14 a 360
14 b 231
15 a 370
15 b 144
16 a 368
16 b 152
17 a 362
17 b 288
18 a 361
18 b 299
19 a 361
19 b 348
20 a 362
20 b 348
21 a 363
21 b 231
22 a 364
22 b 256
23 a 364
23 b 318
24 a 365
24 b 215
25 a 367
25 b 214
26 a 369
26 b 214
27 a 375
27 b 214
28 a 365
28 b 67
29 a 366
29 b 328
30 a 369
30 b 314
31 a 371
31 b 257
32 a 373
32 b 257
33 a 374
33 b 251
34 a 372
34 b 295
35 a 373
35 b 296
36 a 375
36 b 328
37 a 376
37 b 299
38 a 378
38 b 67
39 a 377
39 b 253
40 a 377
40 b 297
41 a 378
41 b 297
42 a 380
42 b 303
43 a 377
43 b 167
44 a 379
44 b 314
45 a 380
45 b 314
46 a 382
46 b 256
47 a 383
47 b 256
48 a 383
48 b 251
49 a 1
49 b 8
50 a 64
50 b 2
51 a 71
51 b 2
52 a 49
52 b 37
53 a 59
53 b 4
54 a 51
54 b 25
55 a 66
55 b 7
56 a 53
56 b 45
57 a 62
57 b 9
58 a 65
58 b 9
59 a 63
59 b 10
60 a 56
60 b 22
61 a 57
61 b 14
62 a 59
62 b 27
63 a 59
63 b 32
64 a 60
64 b 20
65 a 62
65 b 25
66 a 64
66 b 37
67 a 64
67 b 43
68 a 69
68 b 23
69 a 71
69 b 22
70 a 65
70 b 43
71 a 73
71 b 25
72 a 66
72 b 27
73 a 68
73 b 36
74 a 15
74 b 75
75 a 3
75 b 134
76 a 21
76 b 52
77 a 44
77 b 52
78 a 6
78 b 136
79 a 6
79 b 137
80 a 24
80 b 102
81 a 44
81 b 123
82 a 19
82 b 124
83 a 18
83 b 125
84 a 30
84 b 125
85 a 26
85 b 126
86 a 13
86 b 127
87 a 15
87 b 128
88 a 15
88 b 132
89 a 18
89 b 131
90 a 21
90 b 134
91 a 21
91 b 135
92 a 41
92 b 129
93 a 26
93 b 130
94 a 24
94 b 132
95 a 31
95 b 131
96 a 38
96 b 131
97 a 30
97 b 135
98 a 34
98 b 133
99 a 99
99 b 47
100 a 46
100 b 142
101 a 195
101 b 49
102 a 82
102 b 94
103 a 105
103 b 95
104 a 195
104 b 78
105 a 188
105 b 80
106 a 185
106 b 83
107 a 191
107 b 81
108 a 192
108 b 81
109 a 155
109 b 87
110 a 155
110 b 93
111 a 187
111 b 83
112 a 189
112 b 83
113 a 197
113 b 84
114 a 196
114 b 85
115 a 190
115 b 87
116 a 187
116 b 96
117 a 191
117 b 94
118 a 192
118 b 96
119 a 195
119 b 93
120 a 198
120 b 97
121 a 202
121 b 84
122 a 202
122 b 98
123 a 74
123 b 292
124 a 90
124 b 113
125 a 77
125 b 320
126 a 79
126 b 227
127 a 82
127 b 334
128 a 92
128 b 217
129 a 83
129 b 338
130 a 86
130 b 340
131 a 88
131 b 250
132 a 89
132 b 250
133 a 89
133 b 340
134 a 90
134 b 332
135 a 95
135 b 161
136 a 95
136 b 324
137 a 98
137 b 320
138 a 259
138 b 99
139 a 302
139 b 99
140 a 247
140 b 99
141 a 202
141 b 100
142 a 100
142 b 249
143 a 101
143 b 260
144 a 281
144 b 104
145 a 316
145 b 104
146 a 197
146 b 120
147 a 230
147 b 106
148 a 316
148 b 106
149 a 315
149 b 107
150 a 323
150 b 108
151 a 269
151 b 116
152 a 315
152 b 109
153 a 319
153 b 116
154 a 287
154 b 118
155 a 122
155 b 151
156 a 103
156 b 294
157 a 105
157 b 305
158 a 105
158 b 327
159 a 105
159 b 347
160 a 114
160 b 216
161 a 117
161 b 262
162 a 121
162 b 278
163 a 121
163 b 304
164 a 114
164 b 337
165 a 110
165 b 225
166 a 115
166 b 246
167 a 115
167 b 325
168 a 111
168 b 278
169 a 111
169 b 325
170 a 116
170 b 329
171 a 112
171 b 294
172 a 112
172 b 71
173 a 112
173 b 174
174 a 112
174 b 322
175 a 119
175 b 293
176 a 120
176 b 304
177 a 140
177 b 199
178 a 287
178 b 141
179 a 141
179 b 309
180 a 141
180 b 247
181 a 222
181 b 54
182 a 228
182 b 54
183 a 222
183 b 143
184 a 248
184 b 143
185 a 225
185 b 55
186 a 229
186 b 55
187 a 188
187 b 148
188 a 188
188 b 150
189 a 233
189 b 145
190 a 158
190 b 149
191 a 220
191 b 146
192 a 254
192 b 147
193 a 254
193 b 153
194 a 239
194 b 147
195 a 242
195 b 147
196 a 225
196 b 149
197 a 229
197 b 154
198 a 232
198 b 152
199 a 244
199 b 177
200 a 221
200 b 177
201 a 245
201 b 177
202 a 255
202 b 178
203 a 247
203 b 179
204 a 180
204 b 255
205 a 180
205 b 252
206 a 181
206 b 270
207 a 181
207 b 314
208 a 191
208 b 58
209 a 195
209 b 58
210 a 222
210 b 57
211 a 228
211 b 57
212 a 327
212 b 57
213 a 210
213 b 183
214 a 275
214 b 183
215 a 281
215 b 184
216 a 326
216 b 183
217 a 316
217 b 184
218 a 185
218 b 266
219 a 155
219 b 268
220 a 155
220 b 283
221 a 187
221 b 200
222 a 189
222 b 200
223 a 187
223 b 289
224 a 187
224 b 279
225 a 189
225 b 266
226 a 195
226 b 268
227 a 197
227 b 267
228 a 190
228 b 234
229 a 190
229 b 242
230 a 191
230 b 332
231 a 191
231 b 341
232 a 195
232 b 283
233 a 196
233 b 288
234 a 192
234 b 289
235 a 192
235 b 341
236 a 193
236 b 343
237 a 193
237 b 348
238 a 195
238 b 164
239 a 195
239 b 73
240 a 196
240 b 307
241 a 198
241 b 306
242 a 198
242 b 349
243 a 156
243 b 237
244 a 202
244 b 201
245 a 244
245 b 199
246 a 269
246 b 200
247 a 284
247 b 199
248 a 241
248 b 199
249 a 287
249 b 201
250 a 319
250 b 200
251 a 199
251 b 204
252 a 199
252 b 256
253 a 199
253 b 318
254 a 202
254 b 267
255 a 202
255 b 284
256 a 259
256 b 203
257 a 276
257 b 203
258 a 245
258 b 203
259 a 205
259 b 255
260 a 222
260 b 207
261 a 226
261 b 206
262 a 248
262 b 207
263 a 291
263 b 61
264 a 313
264 b 61
265 a 224
265 b 214
266 a 240
266 b 213
267 a 330
267 b 213
268 a 282
268 b 214
269 a 335
269 b 217
270 a 157
270 b 218
271 a 219
271 b 218
272 a 163
272 b 218
273 a 176
273 b 159
274 a 243
274 b 63
275 a 290
275 b 63
276 a 219
276 b 223
277 a 209
277 b 277
278 a 212
278 b 265
279 a 210
279 b 277
280 a 212
280 b 162
281 a 243
281 b 227
282 a 244
282 b 277
283 a 261
283 b 257
284 a 285
284 b 258
285 a 309
285 b 251
286 a 259
286 b 72
287 a 259
287 b 249
288 a 261
288 b 339
289 a 263
289 b 300
290 a 160
290 b 265
291 a 327
291 b 265
292 a 346
292 b 268
293 a 266
293 b 270
294 a 266
294 b 314
295 a 271
295 b 273
296 a 282
296 b 273
297 a 271
297 b 328
298 a 315
298 b 272
299 a 276
299 b 280
300 a 221
300 b 280
301 a 172
301 b 223
302 a 345
302 b 223
303 a 224
303 b 301
304 a 241
304 b 277
305 a 326
305 b 277
306 a 245
306 b 280
307 a 282
307 b 301
308 a 282
308 b 328
309 a 247
309 b 252
310 a 176
310 b 252
311 a 291
311 b 253
312 a 171
312 b 253
313 a 290
313 b 237
314 a 228
314 b 280
315 a 228
315 b 250
316 a 228
316 b 320
317 a 335
317 b 70
318 a 165
318 b 238
319 a 302
319 b 72
320 a 230
320 b 279
321 a 311
321 b 296
322 a 304
322 b 297
323 a 313
323 b 298
324 a 315
324 b 299
325 a 247
325 b 170
326 a 240
326 b 300
327 a 321
327 b 300
328 a 302
328 b 173
329 a 302
329 b 333
330 a 226
330 b 303
331 a 347
331 b 303
332 a 316
332 b 279
333 a 304
333 b 167
334 a 323
334 b 306
335 a 310
335 b 236
336 a 248
336 b 173
337 a 248
337 b 333
338 a 166
338 b 234
339 a 163
339 b 238
340 a 346
340 b 168
341 a 331
341 b 169
342 a 312
342 b 235
343 a 175
343 b 235
344 a 176
344 b 237
345 a 175
345 b 308
346 a 342
346 b 320
347 a 331
347 b 308
348 a 335
348 b 336
349 a 330
349 b 336
350 a 351
350 b 390
351 a 353
351 b 390
352 a 350
352 b 399
353 a 352
353 b 399
354 a 0
354 b 384
355 a 1
355 b 384
356 a 21
356 b 385
357 a 44
357 b 385
358 a 15
358 b 386
359 a 5
359 b 397
360 a 6
360 b 397
361 a 17
361 b 388
362 a 19
362 b 388
363 a 11
363 b 391
364 a 18
364 b 389
365 a 12
365 b 392
366 a 13
366 b 392
367 a 15
367 b 394
368 a 15
368 b 398
369 a 16
369 b 394
370 a 16
370 b 398
371 a 39
371 b 390
372 a 42
372 b 391
373 a 41
373 b 390
374 a 44
374 b 391
375 a 18
375 b 393
376 a 21
376 b 396
377 a 31
377 b 393
378 a 35
378 b 393
379 a 33
379 b 395
380 a 34
380 b 395
381 a 46
381 b 387
382 a 48
382 b 400
383 a 46
383 b 400
384 a 356
384 b 329
385 a 50
385 b 40
386 a 28
386 b 136
387 a 76
387 b 292
388 a 286
388 b 119
389 a 139
389 b 260
390 a 182
390 b 344
391 a 182
391 b 329
392 a 186
392 b 347
393 a 208
393 b 278
394 a 211
394 b 278
395 a 211
395 b 325
396 a 286
396 b 262
397 a 317
397 b 260
398 a 264
398 b 337
399 a 274
399 b 325
400 a 138
400 b 309
194
1
400
16
384
385
386
387
388
389
390
391
392
393
394
395
396
397
398
399
384
0
1
2
3
4
5
6
7
8
9
10
11
12
13
14
15
16
17
18
19
20
21
22
23
24
25
26
27
28
29
30
31
32
33
34
35
36
37
38
39
40
41
42
43
44
45
46
47
48
49
50
51
52
53
54
55
56
57
58
59
60
61
62
63
64
65
66
67
68
69
70
71
72
73
74
75
76
77
78
79
80
81
82
83
84
85
86
87
88
89
90
91
92
93
94
95
96
97
98
99
100
101
102
103
104
105
106
107
108
109
110
111
112
113
114
115
116
117
118
119
120
121
122
123
124
125
126
127
128
129
130
131
132
133
134
135
136
137
138
139
140
141
142
143
144
145
146
147
148
149
150
151
152
153
154
155
156
157
158
159
160
161
162
163
164
165
166
167
168
169
170
171
172
173
174
175
176
177
178
179
180
181
182
183
184
185
186
187
188
189
190
191
192
193
194
195
196
197
198
199
200
201
202
203
204
205
206
207
208
209
210
211
212
213
214
215
216
217
218
219
220
221
222
223
224
225
226
227
228
229
230
231
232
233
234
235
236
237
238
239
240
241
242
243
244
245
246
247
248
249
250
251
252
253
254
255
256
257
258
259
260
261
262
263
264
265
266
267
268
269
270
271
272
273
274
275
276
277
278
279
280
281
282
283
284
285
286
287
288
289
290
291
292
293
294
295
296
297
298
299
300
301
302
303
304
305
306
307
308
309
310
311
312
313
314
315
316
317
318
319
320
321
322
323
324
325
326
327
328
329
330
331
332
333
334
335
336
337
338
339
340
341
342
343
344
345
346
347
348
349
350
351
352
353
354
355
356
357
358
359
360
361
362
363
364
365
366
367
368
369
370
371
372
373
374
375
376
377
378
379
380
381
382
383
