289
0 a 110
0 b 9
1 a 23
1 b 4
2 a 34
2 b 1
3 a 70
3 b 8
4 a 77
4 b 10
5 a 62
5 b 15
6 a 44
6 b 117
7 a 25
7 b 37
8 a 24
8 b 95
9 a 75
9 b 81
10 a 103
10 b 81
11 a 83
11 b 50
12 a 83
12 b 67
13 a 42
13 b 80
14 a 42
14 b 93
15 a 103
15 b 78
16 a 73
16 b 85
17 a 54
17 b 86
18 a 71
18 b 50
19 a 60
19 b 103
20 a 90
20 b 96
21 a 40
21 b 93
22 a 172
22 b 3
23 a 243
23 b 7
24 a 244
24 b 11
25 a 244
25 b 14
26 a 243
26 b 16
27 a 243
27 b 14
28 a 260
28 b 9
29 a 260
29 b 10
30 a 145
30 b 125
31 a 145
31 b 114
32 a 137
32 b 112
33 a 131
33 b 113
34 a 188
34 b 107
35 a 283
35 b 106
36 a 233
36 b 117
37 a 253
37 b 118
38 a 235
38 b 122
39 a 235
39 b 123
40 a 166
40 b 124
41 a 163
41 b 115
42 a 136
42 b 28
43 a 132
43 b 29
44 a 240
44 b 27
45 a 242
45 b 22
46 a 242
46 b 27
47 a 205
47 b 67
48 a 170
48 b 60
49 a 182
49 b 48
50 a 181
50 b 53
51 a 182
51 b 46
52 a 181
52 b 68
53 a 206
53 b 56
54 a 206
54 b 65
55 a 206
55 b 66
56 a 206
56 b 51
57 a 186
57 b 53
58 a 176
58 b 46
59 a 187
59 b 79
60 a 187
60 b 98
61 a 209
61 b 56
62 a 209
62 b 51
63 a 210
63 b 50
64 a 265
64 b 88
65 a 258
65 b 34
66 a 238
66 b 35
67 a 251
67 b 39
68 a 238
68 b 38
69 a 265
69 b 96
70 a 4
70 b 204
71 a 0
71 b 155
72 a 5
72 b 194
73 a 5
73 b 201
74 a 17
74 b 151
75 a 119
75 b 140
76 a 119
76 b 207
77 a 111
77 b 218
78 a 26
78 b 144
79 a 24
79 b 193
80 a 25
80 b 149
81 a 82
81 b 135
82 a 82
82 b 138
83 a 74
83 b 135
84 a 87
84 b 142
85 a 44
85 b 141
86 a 38
86 b 205
87 a 41
87 b 203
88 a 30
88 b 161
89 a 33
89 b 197
90 a 33
90 b 200
91 a 87
91 b 208
92 a 83
92 b 152
93 a 83
93 b 157
94 a 86
94 b 219
95 a 43
95 b 153
96 a 43
96 b 161
97 a 59
97 b 242
98 a 72
98 b 246
99 a 62
99 b 229
100 a 89
100 b 148
101 a 71
101 b 157
102 a 104
102 b 215
103 a 45
103 b 156
104 a 99
104 b 217
105 a 137
105 b 219
106 a 169
106 b 170
107 a 171
107 b 214
108 a 223
108 b 222
109 a 266
109 b 221
110 a 223
110 b 230
111 a 131
111 b 216
112 a 173
112 b 151
113 a 173
113 b 153
114 a 173
114 b 155
115 a 173
115 b 161
116 a 134
116 b 226
117 a 252
117 b 183
118 a 239
118 b 184
119 a 184
119 b 227
120 a 179
120 b 247
121 a 179
121 b 248
122 a 259
122 b 188
123 a 239
123 b 191
124 a 190
124 b 155
125 a 190
125 b 161
126 a 262
126 b 148
127 a 262
127 b 150
128 a 256
128 b 233
129 a 0
129 b 114
130 a 17
130 b 127
131 a 30
131 b 115
132 a 43
132 b 126
133 a 119
133 b 64
134 a 87
134 b 69
135 a 175
135 b 10
136 a 175
136 b 19
137 a 196
137 b 10
138 a 263
138 b 2
139 a 259
139 b 20
140 a 167
140 b 96
141 a 198
141 b 100
142 a 198
142 b 96
143 a 255
143 b 84
144 a 256
144 b 97
145 a 77
145 b 189
146 a 145
146 b 270
147 a 258
147 b 139
148 a 182
148 b 142
149 a 182
149 b 143
150 a 176
150 b 142
151 a 168
151 b 148
152 a 199
152 b 147
153 a 199
153 b 148
154 a 241
154 b 153
155 a 241
155 b 161
156 a 268
156 b 213
157 a 272
157 b 153
158 a 283
158 b 165
159 a 287
159 b 158
160 a 272
160 b 159
161 a 272
161 b 161
162 a 273
162 b 161
163 a 163
163 b 276
164 a 166
164 b 275
165 a 288
165 b 271
166 a 284
166 b 279
167 a 5
167 b 18
168 a 5
168 b 21
169 a 33
169 b 11
170 a 33
170 b 14
171 a 101
171 b 12
172 a 101
172 b 13
173 a 15
173 b 109
174 a 12
174 b 110
175 a 12
175 b 128
176 a 4
176 b 25
177 a 18
177 b 54
178 a 9
178 b 52
179 a 18
179 b 49
180 a 49
180 b 108
181 a 45
181 b 119
182 a 95
182 b 121
183 a 111
183 b 56
184 a 111
184 b 51
185 a 116
185 b 50
186 a 119
186 b 44
187 a 88
187 b 26
188 a 41
188 b 27
189 a 36
189 b 81
190 a 86
190 b 57
191 a 87
191 b 46
192 a 58
192 b 55
193 a 91
193 b 53
194 a 63
194 b 57
195 a 44
195 b 45
196 a 99
196 b 58
197 a 94
197 b 93
198 a 92
198 b 99
199 a 92
199 b 102
200 a 63
200 b 50
201 a 94
201 b 101
202 a 130
202 b 5
203 a 178
203 b 14
204 a 178
204 b 21
205 a 149
205 b 17
206 a 154
206 b 109
207 a 185
207 b 25
208 a 185
208 b 27
209 a 137
209 b 57
210 a 144
210 b 83
211 a 129
211 b 92
212 a 131
212 b 50
213 a 134
213 b 81
214 a 146
214 b 93
215 a 150
215 b 82
216 a 264
216 b 53
217 a 261
217 b 44
218 a 261
218 b 46
219 a 264
219 b 61
220 a 162
220 b 52
221 a 6
221 b 175
222 a 6
222 b 181
223 a 18
223 b 267
224 a 105
224 b 179
225 a 105
225 b 195
226 a 47
226 b 135
227 a 85
227 b 202
228 a 31
228 b 172
229 a 35
229 b 174
230 a 34
230 b 182
231 a 76
231 b 177
232 a 70
232 b 187
233 a 84
233 b 199
234 a 32
234 b 211
235 a 88
235 b 249
236 a 44
236 b 254
237 a 58
237 b 269
238 a 101
238 b 231
239 a 101
239 b 237
240 a 145
240 b 155
241 a 136
241 b 137
242 a 132
242 b 135
243 a 154
243 b 136
244 a 137
244 b 154
245 a 129
245 b 192
246 a 131
246 b 157
247 a 150
247 b 180
248 a 133
248 b 243
249 a 195
249 b 224
250 a 220
250 b 225
251 a 187
251 b 228
252 a 187
252 b 235
253 a 188
253 b 258
254 a 191
254 b 250
255 a 274
255 b 245
256 a 212
256 b 251
257 a 212
257 b 263
258 a 246
258 b 234
259 a 246
259 b 238
260 a 247
260 b 267
261 a 213
261 b 249
262 a 215
262 b 231
263 a 220
263 b 232
264 a 233
264 b 254
265 a 215
265 b 237
266 a 235
266 b 253
267 a 253
267 b 257
268 a 220
268 b 236
269 a 236
269 b 280
270 a 286
270 b 155
271 a 163
271 b 161
272 a 160
272 b 166
273 a 166
273 b 162
274 a 162
274 b 160
275 a 286
275 b 162
276 a 286
276 b 161
277 a 164
277 b 274
278 a 162
278 b 281
279 a 158
279 b 272
280 a 278
280 b 266
281 a 282
281 b 285
282 a 283
282 b 283
283 a 271
283 b 287
284 a 278
284 b 282
285 a 278
285 b 284
286 a 279
286 b 281
287 a 274
287 b 277
288 a 274
288 b 278
120
38
129
130
131
132
133
134
135
136
137
138
139
140
141
142
143
144
145
146
147
148
149
150
151
152
153
154
155
156
157
158
159
160
161
162
163
164
165
166
129
0
1
2
3
4
5
6
7
8
9
10
11
12
13
14
15
16
17
18
19
20
21
22
23
24
25
26
27
28
29
30
31
32
33
34
35
36
37
38
39
40
41
42
43
44
45
46
47
48
49
50
51
52
53
54
55
56
57
58
59
60
61
62
63
64
65
66
67
68
69
70
71
72
73
74
75
76
77
78
79
80
81
82
83
84
85
86
87
88
89
90
91
92
93
94
95
96
97
98
99
100
101
102
103
104
105
106
107
108
109
110
111
112
113
114
115
116
117
118
119
120
121
122
123
124
125
126
127
128
122
167
168
169
170
171
172
173
174
175
176
177
178
179
180
181
182
183
184
185
186
187
188
189
190
191
192
193
194
195
196
197
198
199
200
201
202
203
204
205
206
207
208
209
210
211
212
213
214
215
216
217
218
219
220
221
222
223
224
225
226
227
228
229
230
231
232
233
234
235
236
237
238
239
240
241
242
243
244
245
246
247
248
249
250
251
252
253
254
255
256
257
258
259
260
261
262
263
264
265
266
267
268
269
270
271
272
273
274
275
276
277
278
279
280
281
282
283
284
285
286
287
288
