401
0 a 355
0 b 23
1 a 354
1 b 29
2 a 355
2 b 29
3 a 352
3 b 110
4 a 353
4 b 110
5 a 381
5 b 209
6 a 363
6 b 61
7 a 362
7 b 66
8 a 363
8 b 66
9 a 356
9 b 293
10 a 371
10 b 122
11 a 358
11 b 319
12 a 360
12 b 253
13 a 359
13 b 300
14 a 360
14 b 229
15 a 370
15 b 166
16 a 368
16 b 174
17 a 361
17 b 229
18 a 363
18 b 291
19 a 362
19 b 302
20 a 362
20 b 349
21 a 363
21 b 349
22 a 364
22 b 246
23 a 364
23 b 323
24 a 365
24 b 209
25 a 367
25 b 210
26 a 369
26 b 210
27 a 376
27 b 210
28 a 365
28 b 92
29 a 366
29 b 333
30 a 369
30 b 319
31 a 375
31 b 245
32 a 378
32 b 253
33 a 371
33 b 302
34 a 374
34 b 298
35 a 373
35 b 299
36 a 372
36 b 247
37 a 373
37 b 247
38 a 376
38 b 333
39 a 377
39 b 92
40 a 377
40 b 300
41 a 378
41 b 300
42 a 380
42 b 304
43 a 378
43 b 156
44 a 379
44 b 319
45 a 380
45 b 319
46 a 383
46 b 245
47 a 382
47 b 246
48 a 383
48 b 246
49 a 1
49 b 5
50 a 15
50 b 51
51 a 3
51 b 112
52 a 17
52 b 77
53 a 44
53 b 77
54 a 7
54 b 116
55 a 7
55 b 117
56 a 24
56 b 102
57 a 44
57 b 103
58 a 20
58 b 104
59 a 19
59 b 105
60 a 30
60 b 105
61 a 26
61 b 106
62 a 13
62 b 107
63 a 15
63 b 109
64 a 15
64 b 113
65 a 17
65 b 112
66 a 17
66 b 115
67 a 19
67 b 111
68 a 40
68 b 108
69 a 26
69 b 110
70 a 24
70 b 113
71 a 36
71 b 111
72 a 39
72 b 111
73 a 30
73 b 115
74 a 34
74 b 114
75 a 89
75 b 2
76 a 96
76 b 2
77 a 49
77 b 33
78 a 82
78 b 4
79 a 76
79 b 25
80 a 91
80 b 8
81 a 78
81 b 45
82 a 88
82 b 10
83 a 87
83 b 11
84 a 90
84 b 11
85 a 81
85 b 22
86 a 83
86 b 14
87 a 82
87 b 27
88 a 82
88 b 37
89 a 85
89 b 21
90 a 87
90 b 25
91 a 89
91 b 33
92 a 89
92 b 43
93 a 94
93 b 23
94 a 96
94 b 22
95 a 90
95 b 43
96 a 98
96 b 25
97 a 91
97 b 27
98 a 93
98 b 38
99 a 47
99 b 138
100 a 100
100 b 48
101 a 195
101 b 49
102 a 58
102 b 70
103 a 50
103 b 296
104 a 65
104 b 128
105 a 53
105 b 325
106 a 55
106 b 225
107 a 58
107 b 337
108 a 59
108 b 338
109 a 68
109 b 212
110 a 62
110 b 339
111 a 64
111 b 259
112 a 65
112 b 335
113 a 67
113 b 259
114 a 67
114 b 339
115 a 71
115 b 150
116 a 71
116 b 328
117 a 74
117 b 325
118 a 120
118 b 71
119 a 195
119 b 54
120 a 188
120 b 56
121 a 185
121 b 59
122 a 191
122 b 57
123 a 192
123 b 57
124 a 145
124 b 63
125 a 145
125 b 69
126 a 187
126 b 59
127 a 189
127 b 59
128 a 197
128 b 60
129 a 196
129 b 61
130 a 190
130 b 63
131 a 187
131 b 72
132 a 191
132 b 70
133 a 195
133 b 69
134 a 192
134 b 72
135 a 198
135 b 73
136 a 202
136 b 60
137 a 202
137 b 74
138 a 99
138 b 256
139 a 202
139 b 99
140 a 244
140 b 100
141 a 306
141 b 100
142 a 257
142 b 100
143 a 101
143 b 260
144 a 118
144 b 294
145 a 137
145 b 173
146 a 120
146 b 308
147 a 120
147 b 331
148 a 120
148 b 347
149 a 129
149 b 211
150 a 132
150 b 262
151 a 136
151 b 279
152 a 136
152 b 307
153 a 129
153 b 348
154 a 125
154 b 223
155 a 130
155 b 255
156 a 130
156 b 329
157 a 126
157 b 279
158 a 126
158 b 329
159 a 131
159 b 334
160 a 127
160 b 294
161 a 127
161 b 96
162 a 127
162 b 163
163 a 127
163 b 326
164 a 133
164 b 293
165 a 135
165 b 307
166 a 275
166 b 119
167 a 321
167 b 119
168 a 197
168 b 135
169 a 228
169 b 121
170 a 321
170 b 121
171 a 320
171 b 122
172 a 327
172 b 123
173 a 267
173 b 131
174 a 320
174 b 124
175 a 324
175 b 131
176 a 283
176 b 134
177 a 139
177 b 287
178 a 139
178 b 257
179 a 283
179 b 139
180 a 142
180 b 203
181 a 220
181 b 79
182 a 226
182 b 79
183 a 220
183 b 143
184 a 258
184 b 143
185 a 223
185 b 80
186 a 227
186 b 80
187 a 188
187 b 170
188 a 188
188 b 172
189 a 231
189 b 167
190 a 147
190 b 171
191 a 216
191 b 168
192 a 250
192 b 169
193 a 250
193 b 175
194 a 237
194 b 169
195 a 240
195 b 169
196 a 223
196 b 171
197 a 227
197 b 176
198 a 230
198 b 174
199 a 178
199 b 252
200 a 178
200 b 251
201 a 257
201 b 177
202 a 251
202 b 179
203 a 249
203 b 180
204 a 219
204 b 180
205 a 254
205 b 180
206 a 181
206 b 270
207 a 181
207 b 319
208 a 241
208 b 183
209 a 275
209 b 184
210 a 276
210 b 183
211 a 330
211 b 183
212 a 321
212 b 184
213 a 185
213 b 265
214 a 144
214 b 236
215 a 145
215 b 266
216 a 145
216 b 290
217 a 191
217 b 84
218 a 195
218 b 84
219 a 187
219 b 204
220 a 189
220 b 204
221 a 187
221 b 297
222 a 187
222 b 280
223 a 189
223 b 265
224 a 195
224 b 266
225 a 197
225 b 264
226 a 190
226 b 233
227 a 190
227 b 240
228 a 191
228 b 335
229 a 191
229 b 340
230 a 195
230 b 290
231 a 196
231 b 291
232 a 195
232 b 153
233 a 192
233 b 297
234 a 192
234 b 340
235 a 193
235 b 342
236 a 193
236 b 349
237 a 195
237 b 98
238 a 196
238 b 314
239 a 198
239 b 313
240 a 198
240 b 341
241 a 220
241 b 83
242 a 226
242 b 83
243 a 331
243 b 83
244 a 199
244 b 251
245 a 203
245 b 200
246 a 244
246 b 201
247 a 277
247 b 201
248 a 254
248 b 201
249 a 202
249 b 205
250 a 202
250 b 264
251 a 202
251 b 309
252 a 203
252 b 246
253 a 203
253 b 323
254 a 249
254 b 203
255 a 267
255 b 204
256 a 283
256 b 205
257 a 309
257 b 203
258 a 239
258 b 203
259 a 324
259 b 204
260 a 220
260 b 207
261 a 224
261 b 206
262 a 258
262 b 207
263 a 222
263 b 210
264 a 318
264 b 208
265 a 238
265 b 208
266 a 289
266 b 210
267 a 312
267 b 212
268 a 295
268 b 86
269 a 317
269 b 86
270 a 146
270 b 213
271 a 215
271 b 213
272 a 152
272 b 213
273 a 165
273 b 148
274 a 214
274 b 88
275 a 214
275 b 225
276 a 292
276 b 88
277 a 215
277 b 221
278 a 218
278 b 278
279 a 243
279 b 263
280 a 241
280 b 278
281 a 243
281 b 151
282 a 244
282 b 97
283 a 244
283 b 256
284 a 287
284 b 245
285 a 295
285 b 253
286 a 165
286 b 252
287 a 257
287 b 252
288 a 160
288 b 253
289 a 249
289 b 278
290 a 261
290 b 247
291 a 261
291 b 316
292 a 149
292 b 263
293 a 265
293 b 270
294 a 265
294 b 319
295 a 331
295 b 263
296 a 346
296 b 266
297 a 268
297 b 303
298 a 271
298 b 273
299 a 289
299 b 273
300 a 271
300 b 333
301 a 320
301 b 272
302 a 277
302 b 281
303 a 219
303 b 281
304 a 222
304 b 305
305 a 161
305 b 221
306 a 344
306 b 221
307 a 239
307 b 278
308 a 330
308 b 278
309 a 284
309 b 248
310 a 285
310 b 299
311 a 288
311 b 234
312 a 286
312 b 235
313 a 254
313 b 281
314 a 289
314 b 305
315 a 289
315 b 333
316 a 152
316 b 232
317 a 292
317 b 236
318 a 224
318 b 304
319 a 226
319 b 281
320 a 226
320 b 259
321 a 226
321 b 325
322 a 312
322 b 95
323 a 154
323 b 232
324 a 306
324 b 97
325 a 228
325 b 280
326 a 307
326 b 300
327 a 317
327 b 301
328 a 320
328 b 302
329 a 257
329 b 159
330 a 238
330 b 303
331 a 310
331 b 303
332 a 347
332 b 304
333 a 306
333 b 162
334 a 306
334 b 336
335 a 321
335 b 280
336 a 307
336 b 156
337 a 327
337 b 313
338 a 155
338 b 233
339 a 346
339 b 157
340 a 332
340 b 158
341 a 318
341 b 345
342 a 164
342 b 234
343 a 165
343 b 236
344 a 164
344 b 315
345 a 258
345 b 162
346 a 311
346 b 325
347 a 332
347 b 315
348 a 258
348 b 336
349 a 312
349 b 345
350 a 351
350 b 390
351 a 353
351 b 390
352 a 350
352 b 399
353 a 352
353 b 399
354 a 0
354 b 384
355 a 1
355 b 384
356 a 15
356 b 385
357 a 17
357 b 386
358 a 44
358 b 386
359 a 6
359 b 397
360 a 7
360 b 397
361 a 9
361 b 391
362 a 18
362 b 388
363 a 20
363 b 388
364 a 19
364 b 389
365 a 12
365 b 392
366 a 13
366 b 392
367 a 15
367 b 394
368 a 15
368 b 398
369 a 16
369 b 394
370 a 16
370 b 398
371 a 17
371 b 396
372 a 32
372 b 390
373 a 40
373 b 390
374 a 42
374 b 391
375 a 44
375 b 391
376 a 19
376 b 393
377 a 35
377 b 393
378 a 36
378 b 393
379 a 31
379 b 395
380 a 34
380 b 395
381 a 47
381 b 387
382 a 46
382 b 400
383 a 47
383 b 400
384 a 357
384 b 334
385 a 28
385 b 116
386 a 75
386 b 41
387 a 52
387 b 296
388 a 282
388 b 133
389 a 141
389 b 260
390 a 182
390 b 343
391 a 182
391 b 334
392 a 186
392 b 347
393 a 217
393 b 279
394 a 242
394 b 279
395 a 242
395 b 329
396 a 282
396 b 262
397 a 322
397 b 260
398 a 269
398 b 348
399 a 274
399 b 329
400 a 140
400 b 287
194
1
400
16
384
385
386
387
388
389
390
391
392
393
394
395
396
397
398
399
384
0
1
2
3
4
5
6
7
8
9
10
11
12
13
14
15
16
17
18
19
20
21
22
23
24
25
26
27
28
29
30
31
32
33
34
35
36
37
38
39
40
41
42
43
44
45
46
47
48
49
50
51
52
53
54
55
56
57
58
59
60
61
62
63
64
65
66
67
68
69
70
71
72
73
74
75
76
77
78
79
80
81
82
83
84
85
86
87
88
89
90
91
92
93
94
95
96
97
98
99
100
101
102
103
104
105
106
107
108
109
110
111
112
113
114
115
116
117
118
119
120
121
122
123
124
125
126
127
128
129
130
131
132
133
134
135
136
137
138
139
140
141
142
143
144
145
146
147
148
149
150
151
152
153
154
155
156
157
158
159
160
161
162
163
164
165
166
167
168
169
170
171
172
173
174
175
176
177
178
179
180
181
182
183
184
185
186
187
188
189
190
191
192
193
194
195
196
197
198
199
200
201
202
203
204
205
206
207
208
209
210
211
212
213
214
215
216
217
218
219
220
221
222
223
224
225
226
227
228
229
230
231
232
233
234
235
236
237
238
239
240
241
242
243
244
245
246
247
248
249
250
251
252
253
254
255
256
257
258
259
260
261
262
263
264
265
266
267
268
269
270
271
272
273
274
275
276
277
278
279
280
281
282
283
284
285
286
287
288
289
290
291
292
293
294
295
296
297
298
299
300
301
302
303
304
305
306
307
308
309
310
311
312
313
314
315
316
317
318
319
320
321
322
323
324
325
326
327
328
329
330
331
332
333
334
335
336
337
338
339
340
341
342
343
344
345
346
347
348
349
350
351
352
353
354
355
356
357
358
359
360
361
362
363
364
365
366
367
368
369
370
371
372
373
374
375
376
377
378
379
380
381
382
383
