2389
0 a 343
0 b 5
1 a 453
1 b 18
2 a 125
2 b 6
3 a 528
3 b 24
4 a 601
4 b 43
5 a 409
5 b 57
6 a 1
6 b 465
7 a 19
7 b 84
8 a 56
8 b 669
9 a 19
9 b 137
10 a 53
10 b 769
11 a 63
11 b 433
12 a 471
12 b 331
13 a 214
13 b 330
14 a 573
14 b 335
15 a 318
15 b 401
16 a 308
16 b 701
17 a 349
17 b 249
18 a 343
18 b 432
19 a 211
19 b 76
20 a 737
20 b 70
21 a 67
21 b 158
22 a 73
22 b 276
23 a 375
23 b 469
24 a 240
24 b 458
25 a 715
25 b 490
26 a 123
26 b 474
27 a 732
27 b 480
28 a 149
28 b 482
29 a 264
29 b 497
30 a 365
30 b 491
31 a 484
31 b 587
32 a 498
32 b 227
33 a 659
33 b 147
34 a 669
34 b 682
35 a 662
35 b 777
36 a 785
36 b 691
37 a 127
37 b 180
38 a 128
38 b 181
39 a 698
39 b 757
40 a 600
40 b 160
41 a 712
41 b 164
42 a 269
42 b 168
43 a 728
43 b 522
44 a 647
44 b 523
45 a 222
45 b 211
46 a 88
46 b 149
47 a 215
47 b 511
48 a 132
48 b 711
49 a 712
49 b 621
50 a 603
50 b 597
51 a 439
51 b 394
52 a 560
52 b 114
53 a 404
53 b 721
54 a 730
54 b 261
55 a 588
55 b 743
56 a 746
56 b 193
57 a 122
57 b 248
58 a 446
58 b 239
59 a 611
59 b 624
60 a 134
60 b 552
61 a 128
61 b 574
62 a 269
62 b 621
63 a 265
63 b 275
64 a 785
64 b 282
65 a 1683
65 b 25
66 a 1605
66 b 26
67 a 1671
67 b 26
68 a 1678
68 b 59
69 a 2174
69 b 16
70 a 2029
70 b 16
71 a 1892
71 b 20
72 a 2133
72 b 23
73 a 2138
73 b 25
74 a 2172
74 b 32
75 a 2013
75 b 32
76 a 1745
76 b 34
77 a 2003
77 b 46
78 a 907
78 b 4
79 a 833
79 b 7
80 a 1262
80 b 16
81 a 1370
81 b 21
82 a 1192
82 b 24
83 a 1005
83 b 12
84 a 1013
84 b 13
85 a 1160
85 b 39
86 a 1403
86 b 41
87 a 1646
87 b 334
88 a 1868
88 b 295
89 a 2260
89 b 312
90 a 2150
90 b 313
91 a 2128
91 b 308
92 a 2009
92 b 455
93 a 1917
93 b 493
94 a 1921
94 b 495
95 a 1960
95 b 490
96 a 1554
96 b 172
97 a 1547
97 b 109
98 a 1554
98 b 743
99 a 1600
99 b 186
100 a 1628
100 b 705
101 a 1631
101 b 735
102 a 1630
102 b 414
103 a 1600
103 b 729
104 a 1670
104 b 258
105 a 1696
105 b 259
106 a 2107
106 b 81
107 a 1782
107 b 662
108 a 1901
108 b 665
109 a 1886
109 b 150
110 a 2106
110 b 181
111 a 1777
111 b 184
112 a 1874
112 b 96
113 a 2253
113 b 98
114 a 1764
114 b 385
115 a 2003
115 b 163
116 a 2043
116 b 166
117 a 1833
117 b 174
118 a 1970
118 b 378
119 a 1784
119 b 383
120 a 2128
120 b 644
121 a 2158
121 b 601
122 a 2145
122 b 211
123 a 2086
123 b 543
124 a 2145
124 b 771
125 a 1711
125 b 676
126 a 1810
126 b 676
127 a 1834
127 b 216
128 a 1899
128 b 711
129 a 1951
129 b 119
130 a 2158
130 b 225
131 a 1782
131 b 754
132 a 1828
132 b 396
133 a 1718
133 b 537
134 a 1777
134 b 234
135 a 1899
135 b 243
136 a 1914
136 b 188
137 a 1815
137 b 539
138 a 1833
138 b 606
139 a 1743
139 b 635
140 a 2198
140 b 228
141 a 2009
141 b 521
142 a 2019
142 b 91
143 a 2185
143 b 543
144 a 1970
144 b 112
145 a 1804
145 b 192
146 a 1859
146 b 193
147 a 2190
147 b 245
148 a 2198
148 b 257
149 a 1876
149 b 254
150 a 1993
150 b 255
151 a 1917
151 b 575
152 a 2020
152 b 195
153 a 2021
153 b 764
154 a 2258
154 b 266
155 a 2231
155 b 596
156 a 792
156 b 562
157 a 865
157 b 78
158 a 845
158 b 649
159 a 902
159 b 174
160 a 910
160 b 524
161 a 845
161 b 401
162 a 852
162 b 744
163 a 850
163 b 633
164 a 851
164 b 769
165 a 852
165 b 641
166 a 811
166 b 206
167 a 810
167 b 264
168 a 813
168 b 358
169 a 813
169 b 732
170 a 813
170 b 249
171 a 905
171 b 116
172 a 820
172 b 143
173 a 899
173 b 641
174 a 820
174 b 579
175 a 2277
175 b 720
176 a 1064
176 b 301
177 a 1535
177 b 319
178 a 1184
178 b 305
179 a 980
179 b 307
180 a 1090
180 b 307
181 a 1333
181 b 317
182 a 1255
182 b 349
183 a 1262
183 b 335
184 a 1067
184 b 347
185 a 1033
185 b 66
186 a 1148
186 b 503
187 a 1166
187 b 501
188 a 1299
188 b 450
189 a 945
189 b 460
190 a 1266
190 b 462
191 a 1000
191 b 457
192 a 1030
192 b 456
193 a 1278
193 b 458
194 a 1182
194 b 497
195 a 1036
195 b 475
196 a 1379
196 b 485
197 a 916
197 b 524
198 a 929
198 b 523
199 a 917
199 b 734
200 a 916
200 b 440
201 a 929
201 b 254
202 a 931
202 b 768
203 a 1381
203 b 287
204 a 1463
204 b 84
205 a 1362
205 b 667
206 a 1219
206 b 584
207 a 1299
207 b 175
208 a 953
208 b 176
209 a 1356
209 b 178
210 a 1096
210 b 706
211 a 1125
211 b 422
212 a 1142
212 b 689
213 a 1263
213 b 368
214 a 1025
214 b 92
215 a 1050
215 b 92
216 a 1035
216 b 94
217 a 1488
217 b 693
218 a 1074
218 b 100
219 a 1201
219 b 102
220 a 1518
220 b 582
221 a 953
221 b 166
222 a 955
222 b 512
223 a 1057
223 b 292
224 a 1289
224 b 293
225 a 1011
225 b 203
226 a 1246
226 b 203
227 a 1177
227 b 542
228 a 1178
228 b 507
229 a 2354
229 b 168
230 a 1458
230 b 409
231 a 1324
231 b 529
232 a 1323
232 b 394
233 a 1462
233 b 107
234 a 1465
234 b 542
235 a 1404
235 b 675
236 a 1294
236 b 675
237 a 1000
237 b 387
238 a 1362
238 b 704
239 a 1202
239 b 771
240 a 1363
240 b 233
241 a 1308
241 b 756
242 a 1333
242 b 695
243 a 1366
243 b 394
244 a 1476
244 b 758
245 a 1494
245 b 393
246 a 1327
246 b 430
247 a 1489
247 b 603
248 a 1185
248 b 724
249 a 1022
249 b 243
250 a 1391
250 b 219
251 a 1003
251 b 399
252 a 1537
252 b 209
253 a 1329
253 b 409
254 a 1398
254 b 506
255 a 1085
255 b 726
256 a 1488
256 b 730
257 a 1086
257 b 608
258 a 1027
258 b 90
259 a 1003
259 b 540
260 a 1025
260 b 191
261 a 1009
261 b 595
262 a 1222
262 b 509
263 a 1373
263 b 721
264 a 1539
264 b 732
265 a 1345
265 b 546
266 a 1398
266 b 239
267 a 1387
267 b 723
268 a 1391
268 b 740
269 a 1229
269 b 425
270 a 1095
270 b 752
271 a 1409
271 b 754
272 a 1511
272 b 762
273 a 1511
273 b 141
274 a 1404
274 b 129
275 a 1001
275 b 781
276 a 1192
276 b 251
277 a 1350
277 b 756
278 a 1278
278 b 283
279 a 1535
279 b 686
280 a 1517
280 b 772
281 a 1095
281 b 149
282 a 1080
282 b 275
283 a 2334
283 b 787
284 a 3
284 b 1653
285 a 30
285 b 1843
286 a 48
286 b 1703
287 a 33
287 b 2195
288 a 33
288 b 2251
289 a 3
289 b 1260
290 a 63
290 b 920
291 a 10
291 b 989
292 a 49
292 b 2362
293 a 52
293 b 2382
294 a 45
294 b 1120
295 a 326
295 b 1832
296 a 68
296 b 1706
297 a 65
297 b 2027
298 a 73
298 b 1835
299 a 471
299 b 1760
300 a 453
300 b 1750
301 a 456
301 b 2218
302 a 654
302 b 1626
303 a 583
303 b 1612
304 a 185
304 b 1587
305 a 274
305 b 1617
306 a 449
306 b 1633
307 a 614
307 b 1681
308 a 551
308 b 1699
309 a 616
309 b 1686
310 a 78
310 b 2102
311 a 649
311 b 2182
312 a 528
312 b 2061
313 a 127
313 b 2062
314 a 278
314 b 2065
315 a 145
315 b 2079
316 a 82
316 b 1765
317 a 83
317 b 2134
318 a 86
318 b 2047
319 a 213
319 b 1885
320 a 269
320 b 2105
321 a 185
321 b 1730
322 a 374
322 b 1704
323 a 504
323 b 2102
324 a 209
324 b 1704
325 a 96
325 b 1795
326 a 699
326 b 2109
327 a 599
327 b 1863
328 a 214
328 b 1854
329 a 505
329 b 1829
330 a 717
330 b 2157
331 a 603
331 b 1794
332 a 702
332 b 1742
333 a 438
333 b 1796
334 a 521
334 b 2008
335 a 89
335 b 2036
336 a 361
336 b 2181
337 a 750
337 b 1968
338 a 276
338 b 1800
339 a 571
339 b 2121
340 a 616
340 b 1793
341 a 508
341 b 1756
342 a 753
342 b 1716
343 a 761
343 b 1991
344 a 755
344 b 2232
345 a 760
345 b 2167
346 a 138
346 b 1828
347 a 138
347 b 1925
348 a 444
348 b 1918
349 a 267
349 b 2211
350 a 273
350 b 1807
351 a 148
351 b 2250
352 a 785
352 b 1757
353 a 688
353 b 2056
354 a 343
354 b 851
355 a 469
355 b 837
356 a 667
356 b 853
357 a 570
357 b 827
358 a 701
358 b 831
359 a 741
359 b 831
360 a 124
360 b 833
361 a 108
361 b 819
362 a 715
362 b 885
363 a 135
363 b 865
364 a 736
364 b 888
365 a 240
365 b 906
366 a 637
366 b 900
367 a 314
367 b 1269
368 a 305
368 b 1064
369 a 344
369 b 2365
370 a 71
370 b 939
371 a 68
371 b 1455
372 a 77
372 b 1203
373 a 450
373 b 1393
374 a 494
374 b 2291
375 a 471
375 b 1273
376 a 133
376 b 921
377 a 648
377 b 1532
378 a 714
378 b 2369
379 a 85
379 b 796
380 a 657
380 b 966
381 a 662
381 b 1161
382 a 667
382 b 1119
383 a 583
383 b 1152
384 a 691
384 b 1106
385 a 370
385 b 1139
386 a 599
386 b 1134
387 a 441
387 b 2299
388 a 185
388 b 1108
389 a 753
389 b 1441
390 a 136
390 b 1446
391 a 587
391 b 797
392 a 587
392 b 1328
393 a 694
393 b 1121
394 a 202
394 b 997
395 a 515
395 b 797
396 a 269
396 b 1167
397 a 504
397 b 1059
398 a 99
398 b 1336
399 a 580
399 b 1053
400 a 582
400 b 1281
401 a 167
401 b 954
402 a 441
402 b 2290
403 a 714
403 b 2343
404 a 291
404 b 1087
405 a 377
405 b 1271
406 a 168
406 b 1107
407 a 777
407 b 798
408 a 531
408 b 1458
409 a 674
409 b 1075
410 a 206
410 b 1155
411 a 206
411 b 982
412 a 599
412 b 1221
413 a 111
413 b 1297
414 a 127
414 b 1182
415 a 210
415 b 1228
416 a 601
416 b 1162
417 a 516
417 b 1157
418 a 516
418 b 1277
419 a 505
419 b 1235
420 a 505
420 b 1276
421 a 717
421 b 1373
422 a 117
422 b 1367
423 a 140
423 b 1367
424 a 449
424 b 1213
425 a 559
425 b 1334
426 a 776
426 b 1186
427 a 135
427 b 1226
428 a 361
428 b 1062
429 a 545
429 b 1158
430 a 738
430 b 1052
431 a 640
431 b 1159
432 a 239
432 b 1193
433 a 124
433 b 1194
434 a 740
434 b 1242
435 a 554
435 b 804
436 a 244
436 b 1417
437 a 554
437 b 1390
438 a 362
438 b 1293
439 a 702
439 b 1254
440 a 630
440 b 1255
441 a 510
441 b 949
442 a 155
442 b 806
443 a 255
443 b 1403
444 a 139
444 b 1417
445 a 702
445 b 1409
446 a 622
446 b 1343
447 a 686
447 b 1120
448 a 449
448 b 1116
449 a 269
449 b 1531
450 a 1614
450 b 1676
451 a 2068
451 b 1657
452 a 2068
452 b 1602
453 a 2104
453 b 1635
454 a 1897
454 b 1679
455 a 1874
455 b 1616
456 a 2150
456 b 1691
457 a 2050
457 b 1667
458 a 2260
458 b 1699
459 a 1561
459 b 1744
460 a 1590
460 b 1774
461 a 1676
461 b 2148
462 a 1658
462 b 1713
463 a 1627
463 b 2234
464 a 1630
464 b 2044
465 a 1644
465 b 1744
466 a 1686
466 b 2056
467 a 1830
467 b 2067
468 a 2240
468 b 2070
469 a 2145
469 b 1890
470 a 1887
470 b 1952
471 a 1887
471 b 2259
472 a 1980
472 b 2083
473 a 2143
473 b 1895
474 a 2132
474 b 1767
475 a 1884
475 b 1769
476 a 1772
476 b 1790
477 a 1770
477 b 1748
478 a 1771
478 b 1744
479 a 2124
479 b 1724
480 a 2035
480 b 1873
481 a 2143
481 b 1726
482 a 1860
482 b 2089
483 a 1717
483 b 2161
484 a 1784
484 b 2122
485 a 1747
485 b 2227
486 a 2095
486 b 1748
487 a 2152
487 b 2111
488 a 2177
488 b 1961
489 a 2149
489 b 2033
490 a 1877
490 b 2189
491 a 2094
491 b 2203
492 a 2197
492 b 2249
493 a 1993
493 b 2247
494 a 1762
494 b 1816
495 a 1818
495 b 1849
496 a 2208
496 b 2140
497 a 1828
497 b 2232
498 a 2220
498 b 1915
499 a 1914
499 b 2239
500 a 2253
500 b 1922
501 a 2031
501 b 2141
502 a 1827
502 b 2040
503 a 2042
503 b 2048
504 a 862
504 b 1664
505 a 840
505 b 2269
506 a 873
506 b 1891
507 a 868
507 b 1767
508 a 811
508 b 2252
509 a 859
509 b 2089
510 a 862
510 b 1944
511 a 864
511 b 2180
512 a 813
512 b 1917
513 a 872
513 b 1717
514 a 872
514 b 1867
515 a 929
515 b 1995
516 a 1140
516 b 1604
517 a 1056
517 b 1617
518 a 1376
518 b 1640
519 a 1232
519 b 1640
520 a 1461
520 b 1581
521 a 1092
521 b 1684
522 a 1199
522 b 2069
523 a 1085
523 b 2072
524 a 1420
524 b 2080
525 a 2371
525 b 2133
526 a 1188
526 b 1885
527 a 797
527 b 2106
528 a 1135
528 b 1870
529 a 1147
529 b 1900
530 a 1140
530 b 2098
531 a 1125
531 b 2049
532 a 1447
532 b 1936
533 a 2372
533 b 1750
534 a 1169
534 b 2214
535 a 1169
535 b 2046
536 a 1174
536 b 1756
537 a 2350
537 b 1850
538 a 2295
538 b 1733
539 a 2293
539 b 1808
540 a 1459
540 b 1931
541 a 1351
541 b 1796
542 a 1427
542 b 1766
543 a 1356
543 b 1965
544 a 1459
544 b 1860
545 a 1102
545 b 2182
546 a 1180
546 b 2051
547 a 1358
547 b 1836
548 a 2302
548 b 2264
549 a 1420
549 b 2148
550 a 1472
550 b 1797
551 a 1306
551 b 2133
552 a 1010
552 b 1878
553 a 1469
553 b 2160
554 a 1021
554 b 2016
555 a 2361
555 b 2257
556 a 2381
556 b 1794
557 a 1371
557 b 2229
558 a 1264
558 b 1945
559 a 1224
559 b 2199
560 a 1490
560 b 2199
561 a 1537
561 b 1798
562 a 1081
562 b 1939
563 a 1063
563 b 2175
564 a 1381
564 b 1799
565 a 1033
565 b 1927
566 a 2309
566 b 1800
567 a 970
567 b 1880
568 a 1464
568 b 2097
569 a 1229
569 b 2047
570 a 1230
570 b 1986
571 a 1230
571 b 1919
572 a 1046
572 b 1861
573 a 1337
573 b 2025
574 a 1073
574 b 2211
575 a 1081
575 b 2215
576 a 1406
576 b 2022
577 a 1380
577 b 1840
578 a 1083
578 b 1827
579 a 1092
579 b 1827
580 a 1650
580 b 831
581 a 2128
581 b 908
582 a 1958
582 b 819
583 a 1859
583 b 2276
584 a 1804
584 b 2281
585 a 1764
585 b 915
586 a 2117
586 b 922
587 a 1899
587 b 926
588 a 1623
588 b 1449
589 a 1654
589 b 1448
590 a 1562
590 b 1487
591 a 1571
591 b 1456
592 a 1654
592 b 1307
593 a 1627
593 b 1251
594 a 1650
594 b 1394
595 a 1658
595 b 1255
596 a 1675
596 b 1521
597 a 1589
597 b 1521
598 a 1607
598 b 2311
599 a 2104
599 b 1531
600 a 2163
600 b 1127
601 a 2242
601 b 1127
602 a 1753
602 b 1454
603 a 1949
603 b 2374
604 a 2177
604 b 1166
605 a 2013
605 b 1319
606 a 2127
606 b 2347
607 a 1764
607 b 990
608 a 1879
608 b 1004
609 a 2001
609 b 1353
610 a 2124
610 b 1285
611 a 1708
611 b 2296
612 a 1803
612 b 2296
613 a 2128
613 b 1228
614 a 2132
614 b 1241
615 a 2002
615 b 941
616 a 2020
616 b 2379
617 a 2012
617 b 1480
618 a 2176
618 b 2336
619 a 1970
619 b 1485
620 a 2164
620 b 1075
621 a 1746
621 b 2318
622 a 1746
622 b 1187
623 a 2090
623 b 1321
624 a 1988
624 b 1322
625 a 1926
625 b 1322
626 a 2141
626 b 1491
627 a 1939
627 b 1519
628 a 2090
628 b 1384
629 a 1799
629 b 1394
630 a 1720
630 b 1341
631 a 2152
631 b 1401
632 a 1976
632 b 1383
633 a 1820
633 b 1383
634 a 1976
634 b 1342
635 a 2023
635 b 1508
636 a 1980
636 b 1414
637 a 2113
637 b 1342
638 a 1815
638 b 1341
639 a 2009
639 b 800
640 a 1958
640 b 1051
641 a 2242
641 b 964
642 a 1847
642 b 1513
643 a 1914
643 b 1053
644 a 1884
644 b 1523
645 a 2246
645 b 1272
646 a 1854
646 b 1343
647 a 1860
647 b 1091
648 a 892
648 b 789
649 a 1209
649 b 790
650 a 850
650 b 824
651 a 887
651 b 851
652 a 850
652 b 904
653 a 1148
653 b 909
654 a 1299
654 b 826
655 a 1335
655 b 829
656 a 1471
656 b 843
657 a 1175
657 b 810
658 a 2338
658 b 865
659 a 1176
659 b 860
660 a 1178
660 b 880
661 a 1465
661 b 849
662 a 1048
662 b 810
663 a 1332
663 b 900
664 a 1491
664 b 886
665 a 1378
665 b 900
666 a 1030
666 b 877
667 a 1250
667 b 879
668 a 1247
668 b 814
669 a 1286
669 b 814
670 a 1262
670 b 890
671 a 1035
671 b 895
672 a 1350
672 b 886
673 a 887
673 b 913
674 a 819
674 b 2348
675 a 873
675 b 1132
676 a 862
676 b 1154
677 a 837
677 b 1492
678 a 840
678 b 957
679 a 858
679 b 1173
680 a 897
680 b 1173
681 a 811
681 b 2294
682 a 846
682 b 2383
683 a 811
683 b 2365
684 a 812
684 b 1019
685 a 864
685 b 1404
686 a 870
686 b 1043
687 a 876
687 b 1394
688 a 897
688 b 996
689 a 901
689 b 2331
690 a 820
690 b 803
691 a 1382
691 b 2278
692 a 1304
692 b 916
693 a 1292
693 b 925
694 a 1115
694 b 932
695 a 920
695 b 2300
696 a 915
696 b 2286
697 a 929
697 b 1089
698 a 2360
698 b 934
699 a 1177
699 b 1313
700 a 2348
700 b 1159
701 a 1102
701 b 1145
702 a 1224
702 b 1131
703 a 2310
703 b 1130
704 a 1478
704 b 1145
705 a 1126
705 b 1041
706 a 1355
706 b 1314
707 a 1439
707 b 1408
708 a 1153
708 b 1346
709 a 1067
709 b 1122
710 a 1184
710 b 1123
711 a 963
711 b 1450
712 a 969
712 b 1450
713 a 1447
713 b 1200
714 a 2372
714 b 1296
715 a 1305
715 b 2375
716 a 1386
716 b 2375
717 a 1085
717 b 2374
718 a 1392
718 b 2377
719 a 2380
719 b 1171
720 a 1174
720 b 1522
721 a 1005
721 b 954
722 a 1021
722 b 952
723 a 1223
723 b 955
724 a 953
724 b 1279
725 a 2284
725 b 1182
726 a 1000
726 b 2293
727 a 1337
727 b 2288
728 a 1085
728 b 2291
729 a 1034
729 b 2344
730 a 1105
730 b 1099
731 a 1101
731 b 1522
732 a 1541
732 b 2294
733 a 2294
733 b 1193
734 a 1199
734 b 1458
735 a 1356
735 b 1271
736 a 1180
736 b 972
737 a 2295
737 b 1236
738 a 1047
738 b 2298
739 a 1357
739 b 1303
740 a 1006
740 b 1018
741 a 1006
741 b 962
742 a 1461
742 b 1457
743 a 959
743 b 2306
744 a 1219
744 b 960
745 a 1471
745 b 1271
746 a 1302
746 b 1042
747 a 1500
747 b 1306
748 a 1306
748 b 1222
749 a 1207
749 b 1222
750 a 961
750 b 1527
751 a 1304
751 b 1103
752 a 1427
752 b 1055
753 a 967
753 b 1473
754 a 1209
754 b 1298
755 a 1370
755 b 1076
756 a 2382
756 b 1240
757 a 1372
757 b 1515
758 a 1013
758 b 968
759 a 1010
759 b 1530
760 a 1105
760 b 1038
761 a 1373
761 b 2327
762 a 1225
762 b 2358
763 a 1331
763 b 995
764 a 1299
764 b 2317
765 a 1498
765 b 1032
766 a 1494
766 b 1073
767 a 1498
767 b 1065
768 a 1382
768 b 1245
769 a 1220
769 b 1261
770 a 1534
770 b 945
771 a 1387
771 b 2330
772 a 1163
772 b 1002
773 a 1489
773 b 1094
774 a 1040
774 b 1339
775 a 1040
775 b 1346
776 a 1188
776 b 947
777 a 1191
777 b 2308
778 a 1418
778 b 1515
779 a 1257
779 b 1346
780 a 1403
780 b 1087
781 a 1264
781 b 1409
782 a 1090
782 b 1275
783 a 1063
783 b 1434
784 a 1406
784 b 1066
785 a 948
785 b 1527
786 a 1421
786 b 1283
787 a 1076
787 b 1417
788 a 1517
788 b 2310
789 a 38
789 b 51
790 a 779
790 b 21
791 a 444
791 b 34
792 a 712
792 b 53
793 a 269
793 b 53
794 a 785
794 b 56
795 a 1
795 b 75
796 a 0
796 b 277
797 a 10
797 b 380
798 a 62
798 b 649
799 a 31
799 b 505
800 a 36
800 b 605
801 a 36
801 b 744
802 a 36
802 b 641
803 a 36
803 b 774
804 a 63
804 b 359
805 a 62
805 b 401
806 a 49
806 b 769
807 a 463
807 b 303
808 a 496
808 b 335
809 a 501
809 b 343
810 a 165
810 b 297
811 a 673
811 b 300
812 a 362
812 b 310
813 a 158
813 b 337
814 a 579
814 b 324
815 a 724
815 b 343
816 a 221
816 b 318
817 a 269
817 b 318
818 a 128
818 b 344
819 a 680
819 b 338
820 a 560
820 b 333
821 a 302
821 b 563
822 a 302
822 b 785
823 a 343
823 b 700
824 a 320
824 b 436
825 a 323
825 b 758
826 a 323
826 b 638
827 a 305
827 b 447
828 a 73
828 b 67
829 a 67
829 b 232
830 a 481
830 b 483
831 a 198
831 b 482
832 a 97
832 b 470
833 a 170
833 b 497
834 a 238
834 b 468
835 a 408
835 b 471
836 a 150
836 b 470
837 a 683
837 b 480
838 a 467
838 b 571
839 a 471
839 b 566
840 a 453
840 b 533
841 a 494
841 b 678
842 a 486
842 b 603
843 a 478
843 b 732
844 a 81
844 b 780
845 a 86
845 b 263
846 a 86
846 b 569
847 a 698
847 b 662
848 a 654
848 b 110
849 a 658
849 b 775
850 a 661
850 b 684
851 a 663
851 b 263
852 a 664
852 b 146
853 a 183
853 b 116
854 a 367
854 b 675
855 a 132
855 b 185
856 a 397
856 b 373
857 a 591
857 b 376
858 a 267
858 b 199
859 a 562
859 b 515
860 a 420
860 b 87
861 a 395
861 b 582
862 a 581
862 b 406
863 a 782
863 b 157
864 a 278
864 b 157
865 a 291
865 b 431
866 a 173
866 b 568
867 a 524
867 b 505
868 a 524
868 b 155
869 a 639
869 b 384
870 a 207
870 b 527
871 a 229
871 b 675
872 a 710
872 b 212
873 a 211
873 b 404
874 a 386
874 b 529
875 a 734
875 b 530
876 a 647
876 b 531
877 a 388
877 b 634
878 a 708
878 b 233
879 a 214
879 b 423
880 a 418
880 b 390
881 a 134
881 b 602
882 a 532
882 b 753
883 a 532
883 b 560
884 a 412
884 b 394
885 a 395
885 b 536
886 a 232
886 b 220
887 a 761
887 b 220
888 a 728
888 b 597
889 a 391
889 b 772
890 a 633
890 b 117
891 a 221
891 b 783
892 a 749
892 b 541
893 a 679
893 b 541
894 a 578
894 b 518
895 a 363
895 b 590
896 a 734
896 b 567
897 a 230
897 b 142
898 a 427
898 b 721
899 a 755
899 b 194
900 a 624
900 b 235
901 a 236
901 b 568
902 a 549
902 b 722
903 a 592
903 b 154
904 a 435
904 b 757
905 a 761
905 b 572
906 a 427
906 b 646
907 a 771
907 b 770
908 a 435
908 b 366
909 a 448
909 b 687
910 a 278
910 b 645
911 a 1589
911 b 28
912 a 1571
912 b 50
913 a 1603
913 b 58
914 a 1682
914 b 55
915 a 2079
915 b 10
916 a 1909
916 b 8
917 a 2029
917 b 10
918 a 2080
918 b 63
919 a 2104
919 b 53
920 a 2024
920 b 16
921 a 2037
921 b 16
922 a 1804
922 b 21
923 a 1964
923 b 23
924 a 2141
924 b 27
925 a 2116
925 b 13
926 a 1950
926 b 32
927 a 1971
927 b 32
928 a 1977
928 b 37
929 a 1706
929 b 61
930 a 2177
930 b 40
931 a 1724
931 b 43
932 a 1831
932 b 60
933 a 2013
933 b 63
934 a 797
934 b 5
935 a 1475
935 b 4
936 a 813
936 b 35
937 a 967
937 b 8
938 a 961
938 b 10
939 a 1116
939 b 11
940 a 948
940 b 10
941 a 1125
941 b 22
942 a 969
942 b 16
943 a 1199
943 b 29
944 a 940
944 b 56
945 a 942
945 b 53
946 a 1306
946 b 57
947 a 1470
947 b 47
948 a 1229
948 b 64
949 a 1406
949 b 54
950 a 1063
950 b 58
951 a 1621
951 b 334
952 a 1599
952 b 334
953 a 1653
953 b 332
954 a 1653
954 b 338
955 a 1576
955 b 346
956 a 2104
956 b 318
957 a 1785
957 b 295
958 a 1809
958 b 295
959 a 1727
959 b 295
960 a 1766
960 b 296
961 a 2260
961 b 299
962 a 1701
962 b 322
963 a 1706
963 b 306
964 a 2262
964 b 325
965 a 1831
965 b 316
966 a 1966
966 b 344
967 a 1755
967 b 327
968 a 2150
968 b 328
969 a 2027
969 b 329
970 a 2027
970 b 339
971 a 2041
971 b 350
972 a 2041
972 b 351
973 a 2201
973 b 68
974 a 1657
974 b 487
975 a 1887
975 b 470
976 a 1889
976 b 470
977 a 1802
977 b 466
978 a 1921
978 b 464
979 a 1719
979 b 479
980 a 1840
980 b 479
981 a 2176
981 b 480
982 a 2186
982 b 493
983 a 1978
983 b 502
984 a 2245
984 b 485
985 a 1846
985 b 489
986 a 1674
986 b 82
987 a 1620
987 b 586
988 a 1611
988 b 105
989 a 1598
989 b 161
990 a 1603
990 b 107
991 a 1627
991 b 189
992 a 1682
992 b 209
993 a 1652
993 b 541
994 a 1577
994 b 544
995 a 1694
995 b 771
996 a 1665
996 b 271
997 a 1724
997 b 284
998 a 1704
998 b 286
999 a 1937
999 b 285
1000 a 2221
1000 b 285
1001 a 1725
1001 b 285
1002 a 2266
1002 b 287
1003 a 1729
1003 b 288
1004 a 1804
1004 b 289
1005 a 2103
1005 b 656
1006 a 2103
1006 b 404
1007 a 1887
1007 b 162
1008 a 1889
1008 b 162
1009 a 1887
1009 b 565
1010 a 1887
1010 b 280
1011 a 1888
1011 b 688
1012 a 1890
1012 b 773
1013 a 1890
1013 b 688
1014 a 2104
1014 b 177
1015 a 2104
1015 b 783
1016 a 2091
1016 b 181
1017 a 1899
1017 b 185
1018 a 1823
1018 b 372
1019 a 1764
1019 b 355
1020 a 1701
1020 b 398
1021 a 1704
1021 b 437
1022 a 1732
1022 b 537
1023 a 1932
1023 b 102
1024 a 1822
1024 b 104
1025 a 2228
1025 b 103
1026 a 2115
1026 b 203
1027 a 2084
1027 b 405
1028 a 1931
1028 b 115
1029 a 2201
1029 b 159
1030 a 1840
1030 b 160
1031 a 1768
1031 b 520
1032 a 2015
1032 b 204
1033 a 1893
1033 b 538
1034 a 1775
1034 b 519
1035 a 1775
1035 b 739
1036 a 1708
1036 b 610
1037 a 2086
1037 b 564
1038 a 1778
1038 b 555
1039 a 2154
1039 b 719
1040 a 1874
1040 b 145
1041 a 2020
1041 b 603
1042 a 1948
1042 b 718
1043 a 1936
1043 b 556
1044 a 2031
1044 b 187
1045 a 1779
1045 b 539
1046 a 1854
1046 b 538
1047 a 1715
1047 b 413
1048 a 1901
1048 b 247
1049 a 1899
1049 b 788
1050 a 1762
1050 b 218
1051 a 2266
1051 b 725
1052 a 1824
1052 b 539
1053 a 1949
1053 b 130
1054 a 2245
1054 b 405
1055 a 1803
1055 b 610
1056 a 2251
1056 b 682
1057 a 1786
1057 b 544
1058 a 1966
1058 b 636
1059 a 2177
1059 b 411
1060 a 2207
1060 b 547
1061 a 2185
1061 b 564
1062 a 2186
1062 b 575
1063 a 1866
1063 b 548
1064 a 2251
1064 b 121
1065 a 2230
1065 b 236
1066 a 1864
1066 b 231
1067 a 1712
1067 b 550
1068 a 1864
1068 b 238
1069 a 1979
1069 b 759
1070 a 1981
1070 b 148
1071 a 1981
1071 b 598
1072 a 2195
1072 b 146
1073 a 2267
1073 b 244
1074 a 2230
1074 b 246
1075 a 2241
1075 b 421
1076 a 1876
1076 b 267
1077 a 1839
1077 b 553
1078 a 1859
1078 b 424
1079 a 1822
1079 b 134
1080 a 2255
1080 b 250
1081 a 2262
1081 b 136
1082 a 2208
1082 b 262
1083 a 1860
1083 b 618
1084 a 2243
1084 b 685
1085 a 1723
1085 b 417
1086 a 2187
1086 b 557
1087 a 2257
1087 b 263
1088 a 1972
1088 b 153
1089 a 2020
1089 b 272
1090 a 2187
1090 b 577
1091 a 2231
1091 b 150
1092 a 2227
1092 b 777
1093 a 2227
1093 b 273
1094 a 1925
1094 b 279
1095 a 1841
1095 b 786
1096 a 891
1096 b 306
1097 a 832
1097 b 479
1098 a 840
1098 b 471
1099 a 836
1099 b 284
1100 a 859
1100 b 156
1101 a 811
1101 b 79
1102 a 869
1102 b 664
1103 a 808
1103 b 121
1104 a 840
1104 b 165
1105 a 839
1105 b 680
1106 a 887
1106 b 356
1107 a 886
1107 b 380
1108 a 897
1108 b 381
1109 a 887
1109 b 700
1110 a 819
1110 b 677
1111 a 862
1111 b 230
1112 a 862
1112 b 563
1113 a 862
1113 b 279
1114 a 862
1114 b 785
1115 a 869
1115 b 745
1116 a 897
1116 b 410
1117 a 883
1117 b 553
1118 a 815
1118 b 273
1119 a 910
1119 b 626
1120 a 817
1120 b 562
1121 a 817
1121 b 126
1122 a 2277
1122 b 459
1123 a 2271
1123 b 617
1124 a 2271
1124 b 769
1125 a 1152
1125 b 321
1126 a 1152
1126 b 352
1127 a 1168
1127 b 298
1128 a 1166
1128 b 297
1129 a 1381
1129 b 296
1130 a 1231
1130 b 301
1131 a 1237
1131 b 301
1132 a 1168
1132 b 340
1133 a 1170
1133 b 349
1134 a 1331
1134 b 311
1135 a 1351
1135 b 342
1136 a 1252
1136 b 315
1137 a 2354
1137 b 318
1138 a 967
1138 b 303
1139 a 1017
1139 b 349
1140 a 1529
1140 b 304
1141 a 1212
1141 b 321
1142 a 1302
1142 b 345
1143 a 961
1143 b 343
1144 a 1008
1144 b 333
1145 a 1470
1145 b 309
1146 a 1382
1146 b 336
1147 a 1038
1147 b 348
1148 a 1267
1148 b 333
1149 a 969
1149 b 335
1150 a 1195
1150 b 353
1151 a 948
1151 b 343
1152 a 940
1152 b 77
1153 a 1337
1153 b 72
1154 a 1537
1154 b 73
1155 a 1151
1155 b 461
1156 a 956
1156 b 460
1157 a 1065
1157 b 468
1158 a 975
1158 b 501
1159 a 1015
1159 b 497
1160 a 799
1160 b 479
1161 a 1238
1161 b 472
1162 a 1266
1162 b 484
1163 a 1047
1163 b 488
1164 a 1029
1164 b 500
1165 a 911
1165 b 162
1166 a 927
1166 b 162
1167 a 915
1167 b 142
1168 a 918
1168 b 260
1169 a 918
1169 b 152
1170 a 929
1170 b 531
1171 a 920
1171 b 220
1172 a 924
1172 b 260
1173 a 927
1173 b 280
1174 a 929
1174 b 267
1175 a 931
1175 b 755
1176 a 1300
1176 b 520
1177 a 1300
1177 b 747
1178 a 1312
1178 b 513
1179 a 2324
1179 b 239
1180 a 1145
1180 b 655
1181 a 1269
1181 b 691
1182 a 942
1182 b 177
1183 a 1420
1183 b 182
1184 a 1096
1184 b 252
1185 a 1125
1185 b 515
1186 a 1138
1186 b 524
1187 a 1130
1187 b 403
1188 a 1129
1188 b 576
1189 a 1132
1189 b 766
1190 a 1139
1190 b 402
1191 a 1135
1191 b 722
1192 a 1135
1192 b 250
1193 a 1143
1193 b 734
1194 a 1138
1194 b 440
1195 a 1140
1195 b 236
1196 a 1140
1196 b 753
1197 a 1140
1197 b 246
1198 a 1140
1198 b 560
1199 a 1125
1199 b 244
1200 a 1141
1200 b 252
1201 a 1145
1201 b 749
1202 a 971
1202 b 368
1203 a 1007
1203 b 371
1204 a 1081
1204 b 93
1205 a 1098
1205 b 591
1206 a 1098
1206 b 509
1207 a 2300
1207 b 572
1208 a 1447
1208 b 151
1209 a 965
1209 b 290
1210 a 1063
1210 b 376
1211 a 1420
1211 b 197
1212 a 1199
1212 b 200
1213 a 1165
1213 b 568
1214 a 1172
1214 b 561
1215 a 1172
1215 b 514
1216 a 1196
1216 b 100
1217 a 1509
1217 b 101
1218 a 953
1218 b 696
1219 a 941
1219 b 291
1220 a 968
1220 b 291
1221 a 1304
1221 b 294
1222 a 1419
1222 b 165
1223 a 1298
1223 b 171
1224 a 1351
1224 b 392
1225 a 1100
1225 b 514
1226 a 1471
1226 b 525
1227 a 1383
1227 b 382
1228 a 2314
1228 b 646
1229 a 1014
1229 b 389
1230 a 1014
1230 b 533
1231 a 1230
1231 b 530
1232 a 2378
1232 b 645
1233 a 1306
1233 b 428
1234 a 1365
1234 b 214
1235 a 1207
1235 b 428
1236 a 1534
1236 b 360
1237 a 1224
1237 b 505
1238 a 1085
1238 b 678
1239 a 1486
1239 b 532
1240 a 1114
1240 b 532
1241 a 1191
1241 b 713
1242 a 1210
1242 b 119
1243 a 1365
1243 b 612
1244 a 1021
1244 b 217
1245 a 1419
1245 b 716
1246 a 1499
1246 b 604
1247 a 1298
1247 b 604
1248 a 1509
1248 b 534
1249 a 1029
1249 b 535
1250 a 1020
1250 b 765
1251 a 998
1251 b 113
1252 a 1021
1252 b 571
1253 a 1304
1253 b 364
1254 a 1370
1254 b 429
1255 a 1022
1255 b 788
1256 a 1406
1256 b 400
1257 a 1517
1257 b 224
1258 a 1537
1258 b 115
1259 a 1191
1259 b 116
1260 a 1008
1260 b 742
1261 a 1007
1261 b 566
1262 a 1373
1262 b 442
1263 a 1387
1263 b 407
1264 a 1224
1264 b 682
1265 a 1224
1265 b 121
1266 a 1224
1266 b 155
1267 a 1490
1267 b 121
1268 a 1332
1268 b 756
1269 a 1491
1269 b 733
1270 a 1350
1270 b 733
1271 a 1462
1271 b 230
1272 a 1378
1272 b 756
1273 a 1494
1273 b 416
1274 a 2328
1274 b 701
1275 a 2328
1275 b 629
1276 a 1335
1276 b 703
1277 a 1498
1277 b 434
1278 a 1267
1278 b 742
1279 a 1033
1279 b 616
1280 a 1230
1280 b 231
1281 a 1284
1281 b 615
1282 a 1230
1282 b 238
1283 a 1385
1283 b 627
1284 a 1230
1284 b 567
1285 a 1379
1285 b 747
1286 a 1261
1286 b 751
1287 a 1489
1287 b 426
1288 a 1085
1288 b 130
1289 a 1112
1289 b 593
1290 a 1514
1290 b 196
1291 a 1514
1291 b 513
1292 a 1261
1292 b 763
1293 a 1268
1293 b 621
1294 a 2385
1294 b 569
1295 a 1118
1295 b 561
1296 a 1403
1296 b 431
1297 a 1195
1297 b 631
1298 a 1381
1298 b 443
1299 a 1118
1299 b 514
1300 a 2
1300 b 2087
1301 a 3
1301 b 2267
1302 a 30
1302 b 1615
1303 a 33
1303 b 1665
1304 a 15
1304 b 1737
1305 a 17
1305 b 1842
1306 a 30
1306 b 1934
1307 a 44
1307 b 1776
1308 a 53
1308 b 2137
1309 a 3
1309 b 958
1310 a 15
1310 b 1084
1311 a 14
1311 b 1222
1312 a 48
1312 b 1362
1313 a 42
1313 b 2362
1314 a 326
1314 b 1950
1315 a 341
1315 b 1961
1316 a 65
1316 b 1864
1317 a 68
1317 b 2251
1318 a 73
1318 b 1923
1319 a 499
1319 b 1583
1320 a 492
1320 b 1885
1321 a 452
1321 b 1942
1322 a 498
1322 b 2144
1323 a 651
1323 b 1629
1324 a 651
1324 b 1634
1325 a 664
1325 b 1570
1326 a 673
1326 b 1548
1327 a 692
1327 b 1574
1328 a 732
1328 b 1560
1329 a 551
1329 b 1553
1330 a 158
1330 b 1656
1331 a 161
1331 b 1624
1332 a 161
1332 b 1695
1333 a 165
1333 b 1680
1334 a 149
1334 b 1618
1335 a 205
1335 b 1655
1336 a 717
1336 b 1694
1337 a 680
1337 b 1564
1338 a 230
1338 b 1637
1339 a 633
1339 b 1638
1340 a 781
1340 b 1643
1341 a 614
1341 b 1675
1342 a 579
1342 b 1644
1343 a 558
1343 b 1645
1344 a 768
1344 b 1648
1345 a 438
1345 b 1648
1346 a 112
1346 b 1659
1347 a 247
1347 b 1582
1348 a 254
1348 b 1615
1349 a 788
1349 b 1609
1350 a 274
1350 b 1698
1351 a 118
1351 b 2057
1352 a 404
1352 b 2081
1353 a 127
1353 b 2074
1354 a 82
1354 b 1903
1355 a 650
1355 b 2087
1356 a 652
1356 b 1851
1357 a 660
1357 b 2131
1358 a 659
1358 b 1709
1359 a 655
1359 b 1796
1360 a 672
1360 b 2183
1361 a 241
1361 b 2106
1362 a 354
1362 b 1780
1363 a 369
1363 b 1814
1364 a 374
1364 b 2230
1365 a 587
1365 b 1746
1366 a 585
1366 b 1842
1367 a 201
1367 b 1946
1368 a 515
1368 b 1746
1369 a 727
1369 b 1736
1370 a 788
1370 b 1736
1371 a 613
1371 b 2123
1372 a 699
1372 b 2261
1373 a 169
1373 b 1984
1374 a 121
1374 b 1707
1375 a 753
1375 b 2125
1376 a 379
1376 b 2126
1377 a 379
1377 b 2193
1378 a 107
1378 b 1814
1379 a 223
1379 b 1941
1380 a 415
1380 b 1940
1381 a 237
1381 b 1941
1382 a 131
1382 b 1943
1383 a 265
1383 b 2129
1384 a 542
1384 b 1705
1385 a 690
1385 b 2142
1386 a 242
1386 b 1740
1387 a 247
1387 b 1740
1388 a 214
1388 b 2029
1389 a 217
1389 b 1929
1390 a 603
1390 b 1992
1391 a 604
1391 b 2038
1392 a 604
1392 b 1728
1393 a 540
1393 b 1776
1394 a 445
1394 b 1779
1395 a 276
1395 b 1954
1396 a 209
1396 b 2230
1397 a 135
1397 b 1743
1398 a 607
1398 b 1999
1399 a 253
1399 b 2169
1400 a 609
1400 b 1832
1401 a 588
1401 b 1918
1402 a 589
1402 b 2022
1403 a 681
1403 b 1912
1404 a 438
1404 b 1973
1405 a 613
1405 b 2236
1406 a 121
1406 b 2032
1407 a 237
1407 b 2224
1408 a 112
1408 b 1781
1409 a 746
1409 b 2254
1410 a 616
1410 b 1953
1411 a 616
1411 b 2258
1412 a 765
1412 b 1955
1413 a 246
1413 b 1843
1414 a 133
1414 b 1917
1415 a 554
1415 b 1817
1416 a 138
1416 b 2043
1417 a 632
1417 b 2188
1418 a 365
1418 b 2045
1419 a 570
1419 b 1756
1420 a 639
1420 b 2235
1421 a 690
1421 b 2237
1422 a 148
1422 b 1882
1423 a 273
1423 b 2100
1424 a 476
1424 b 843
1425 a 80
1425 b 851
1426 a 670
1426 b 886
1427 a 504
1427 b 833
1428 a 171
1428 b 898
1429 a 269
1429 b 852
1430 a 190
1430 b 854
1431 a 682
1431 b 861
1432 a 777
1432 b 884
1433 a 628
1433 b 900
1434 a 594
1434 b 900
1435 a 341
1435 b 1166
1436 a 314
1436 b 1359
1437 a 314
1437 b 1517
1438 a 349
1438 b 2326
1439 a 318
1439 b 1428
1440 a 74
1440 b 1173
1441 a 69
1441 b 989
1442 a 68
1442 b 1433
1443 a 74
1443 b 996
1444 a 76
1444 b 1296
1445 a 77
1445 b 1052
1446 a 451
1446 b 1393
1447 a 471
1447 b 1329
1448 a 454
1448 b 1396
1449 a 473
1449 b 1077
1450 a 474
1450 b 1393
1451 a 477
1451 b 945
1452 a 476
1452 b 1271
1453 a 486
1453 b 1094
1454 a 498
1454 b 1064
1455 a 80
1455 b 913
1456 a 583
1456 b 927
1457 a 377
1457 b 915
1458 a 86
1458 b 1072
1459 a 650
1459 b 1016
1460 a 656
1460 b 954
1461 a 671
1461 b 1466
1462 a 653
1462 b 1532
1463 a 655
1463 b 1524
1464 a 666
1464 b 1533
1465 a 509
1465 b 2349
1466 a 691
1466 b 1268
1467 a 177
1467 b 1075
1468 a 354
1468 b 993
1469 a 185
1469 b 1325
1470 a 185
1470 b 1347
1471 a 268
1471 b 1316
1472 a 118
1472 b 1444
1473 a 117
1473 b 1446
1474 a 140
1474 b 1446
1475 a 246
1475 b 1451
1476 a 585
1476 b 1159
1477 a 692
1477 b 977
1478 a 119
1478 b 2372
1479 a 419
1479 b 2377
1480 a 201
1480 b 1366
1481 a 504
1481 b 1362
1482 a 99
1482 b 1474
1483 a 580
1483 b 1073
1484 a 111
1484 b 951
1485 a 391
1485 b 2283
1486 a 132
1486 b 2338
1487 a 644
1487 b 997
1488 a 169
1488 b 1326
1489 a 166
1489 b 1399
1490 a 522
1490 b 2323
1491 a 761
1491 b 986
1492 a 357
1492 b 2294
1493 a 516
1493 b 1324
1494 a 107
1494 b 1193
1495 a 205
1495 b 1069
1496 a 132
1496 b 2295
1497 a 597
1497 b 2295
1498 a 681
1498 b 1360
1499 a 562
1499 b 2316
1500 a 278
1500 b 1181
1501 a 709
1501 b 1361
1502 a 599
1502 b 1392
1503 a 599
1503 b 1412
1504 a 626
1504 b 2302
1505 a 528
1505 b 1468
1506 a 357
1506 b 2307
1507 a 707
1507 b 1103
1508 a 388
1508 b 2330
1509 a 505
1509 b 1305
1510 a 505
1510 b 1535
1511 a 510
1511 b 1477
1512 a 717
1512 b 1541
1513 a 445
1513 b 979
1514 a 208
1514 b 1347
1515 a 697
1515 b 1378
1516 a 391
1516 b 2310
1517 a 512
1517 b 1330
1518 a 766
1518 b 1330
1519 a 265
1519 b 989
1520 a 778
1520 b 1222
1521 a 89
1521 b 1093
1522 a 609
1522 b 1520
1523 a 588
1523 b 1245
1524 a 731
1524 b 1087
1525 a 737
1525 b 2318
1526 a 642
1526 b 990
1527 a 235
1527 b 1417
1528 a 449
1528 b 1387
1529 a 135
1529 b 1463
1530 a 746
1530 b 1087
1531 a 748
1531 b 1343
1532 a 245
1532 b 1233
1533 a 621
1533 b 1236
1534 a 244
1534 b 1399
1535 a 784
1535 b 1395
1536 a 702
1536 b 1337
1537 a 619
1537 b 1533
1538 a 255
1538 b 1539
1539 a 256
1539 b 1417
1540 a 623
1540 b 995
1541 a 767
1541 b 1343
1542 a 779
1542 b 1076
1543 a 1552
1543 b 1557
1544 a 1556
1544 b 1546
1545 a 1611
1545 b 1543
1546 a 1663
1546 b 1551
1547 a 1576
1547 b 1549
1548 a 1586
1548 b 1548
1549 a 1614
1549 b 1547
1550 a 1663
1550 b 1558
1551 a 1546
1551 b 1601
1552 a 1554
1552 b 1662
1553 a 1653
1553 b 1564
1554 a 1563
1554 b 1593
1555 a 1663
1555 b 1642
1556 a 1579
1556 b 1592
1557 a 1592
1557 b 1581
1558 a 1579
1558 b 1578
1559 a 1581
1559 b 1579
1560 a 1597
1560 b 1663
1561 a 2068
1561 b 1628
1562 a 2068
1562 b 1677
1563 a 1747
1563 b 1557
1564 a 2260
1564 b 1553
1565 a 1916
1565 b 1545
1566 a 1918
1566 b 1560
1567 a 1931
1567 b 1636
1568 a 1766
1568 b 1697
1569 a 2217
1569 b 1620
1570 a 1773
1570 b 1648
1571 a 1831
1571 b 1562
1572 a 1897
1572 b 1590
1573 a 1874
1573 b 1568
1574 a 2027
1574 b 1634
1575 a 1905
1575 b 1565
1576 a 1916
1576 b 1565
1577 a 2034
1577 b 1565
1578 a 2165
1578 b 1579
1579 a 1791
1579 b 1576
1580 a 1743
1580 b 1685
1581 a 1747
1581 b 1611
1582 a 2195
1582 b 1570
1583 a 2179
1583 b 1640
1584 a 2217
1584 b 1641
1585 a 2150
1585 b 1585
1586 a 1997
1586 b 1613
1587 a 1917
1587 b 1609
1588 a 2050
1588 b 1669
1589 a 2041
1589 b 1646
1590 a 2041
1590 b 1673
1591 a 2262
1591 b 1588
1592 a 1544
1592 b 1752
1593 a 1556
1593 b 1902
1594 a 1554
1594 b 1918
1595 a 1550
1595 b 1744
1596 a 1559
1596 b 1744
1597 a 1549
1597 b 1745
1598 a 1561
1598 b 1748
1599 a 1640
1599 b 1775
1600 a 1632
1600 b 1871
1601 a 1613
1601 b 1900
1602 a 1670
1602 b 1789
1603 a 1569
1603 b 1790
1604 a 1700
1604 b 1790
1605 a 1639
1605 b 2244
1606 a 1682
1606 b 1798
1607 a 1632
1607 b 2099
1608 a 1640
1608 b 2222
1609 a 1674
1609 b 2178
1610 a 1572
1610 b 1821
1611 a 1660
1611 b 1745
1612 a 1688
1612 b 1744
1613 a 1592
1613 b 1819
1614 a 1581
1614 b 2004
1615 a 1610
1615 b 2097
1616 a 1696
1616 b 2265
1617 a 2019
1617 b 2058
1618 a 2213
1618 b 2060
1619 a 2060
1619 b 1898
1620 a 2060
1620 b 1721
1621 a 2060
1621 b 1710
1622 a 2060
1622 b 1989
1623 a 1782
1623 b 2064
1624 a 2030
1624 b 2082
1625 a 2067
1625 b 2216
1626 a 2246
1626 b 2105
1627 a 1701
1627 b 2028
1628 a 1701
1628 b 1725
1629 a 1704
1629 b 1728
1630 a 1916
1630 b 1731
1631 a 2034
1631 b 1731
1632 a 2124
1632 b 1738
1633 a 1917
1633 b 1736
1634 a 1735
1634 b 1955
1635 a 1930
1635 b 2249
1636 a 1895
1636 b 1836
1637 a 1896
1637 b 2168
1638 a 1769
1638 b 1862
1639 a 1747
1639 b 1933
1640 a 2124
1640 b 2262
1641 a 2119
1641 b 1894
1642 a 1856
1642 b 2085
1643 a 1805
1643 b 2130
1644 a 2132
1644 b 1830
1645 a 1706
1645 b 1842
1646 a 2143
1646 b 1711
1647 a 2143
1647 b 1980
1648 a 2154
1648 b 1796
1649 a 2198
1649 b 2155
1650 a 1782
1650 b 2156
1651 a 2201
1651 b 1714
1652 a 2159
1652 b 2117
1653 a 2210
1653 b 2117
1654 a 2158
1654 b 2005
1655 a 1783
1655 b 2206
1656 a 2162
1656 b 2183
1657 a 1777
1657 b 2139
1658 a 1715
1658 b 1975
1659 a 2227
1659 b 1787
1660 a 1899
1660 b 1916
1661 a 1911
1661 b 2110
1662 a 1791
1662 b 1906
1663 a 1997
1663 b 1743
1664 a 2218
1664 b 1748
1665 a 2233
1665 b 1748
1666 a 1848
1666 b 1797
1667 a 2003
1667 b 1965
1668 a 2204
1668 b 1912
1669 a 2266
1669 b 1799
1670 a 2092
1670 b 1908
1671 a 2092
1671 b 2054
1672 a 2097
1672 b 1801
1673 a 2042
1673 b 1983
1674 a 2122
1674 b 1745
1675 a 1724
1675 b 1811
1676 a 1804
1676 b 2194
1677 a 1823
1677 b 1956
1678 a 1844
1678 b 1990
1679 a 2198
1679 b 2212
1680 a 1877
1680 b 2208
1681 a 1833
1681 b 1994
1682 a 2200
1682 b 1821
1683 a 2220
1683 b 2000
1684 a 2020
1684 b 2205
1685 a 2004
1685 b 2166
1686 a 2210
1686 b 1928
1687 a 2006
1687 b 2006
1688 a 2097
1688 b 1837
1689 a 1972
1689 b 2007
1690 a 2028
1690 b 2216
1691 a 1914
1691 b 2225
1692 a 2222
1692 b 1840
1693 a 1865
1693 b 2017
1694 a 2018
1694 b 2249
1695 a 2202
1695 b 2187
1696 a 1834
1696 b 1853
1697 a 1884
1697 b 1860
1698 a 2241
1698 b 2248
1699 a 1859
1699 b 2254
1700 a 1761
1700 b 1856
1701 a 794
1701 b 1630
1702 a 794
1702 b 1734
1703 a 792
1703 b 1737
1704 a 793
1704 b 2116
1705 a 822
1705 b 1579
1706 a 864
1706 b 1625
1707 a 809
1707 b 2060
1708 a 821
1708 b 2244
1709 a 823
1709 b 2191
1710 a 835
1710 b 1775
1711 a 836
1711 b 1811
1712 a 835
1712 b 2222
1713 a 840
1713 b 2010
1714 a 841
1714 b 1862
1715 a 872
1715 b 1739
1716 a 863
1716 b 1934
1717 a 872
1717 b 1935
1718 a 845
1718 b 2135
1719 a 848
1719 b 2253
1720 a 852
1720 b 1881
1721 a 896
1721 b 2130
1722 a 815
1722 b 1787
1723 a 864
1723 b 1913
1724 a 872
1724 b 2253
1725 a 868
1725 b 1830
1726 a 902
1726 b 1994
1727 a 816
1727 b 1837
1728 a 891
1728 b 1842
1729 a 882
1729 b 1856
1730 a 915
1730 b 1637
1731 a 918
1731 b 1567
1732 a 919
1732 b 1932
1733 a 917
1733 b 2169
1734 a 918
1734 b 1759
1735 a 919
1735 b 1969
1736 a 933
1736 b 2170
1737 a 933
1737 b 1967
1738 a 928
1738 b 1717
1739 a 928
1739 b 1867
1740 a 1152
1740 b 1582
1741 a 1168
1741 b 1573
1742 a 1166
1742 b 1680
1743 a 2346
1743 b 1548
1744 a 2335
1744 b 1559
1745 a 2363
1745 b 1560
1746 a 2289
1746 b 1656
1747 a 2345
1747 b 1687
1748 a 2306
1748 b 1618
1749 a 1459
1749 b 1669
1750 a 1182
1750 b 1656
1751 a 1472
1751 b 1692
1752 a 2361
1752 b 1595
1753 a 944
1753 b 1651
1754 a 944
1754 b 1689
1755 a 1104
1755 b 1661
1756 a 2386
1756 b 1645
1757 a 1053
1757 b 1615
1758 a 1421
1758 b 1666
1759 a 1089
1759 b 1606
1760 a 1056
1760 b 1698
1761 a 1380
1761 b 1682
1762 a 1381
1762 b 1697
1763 a 1092
1763 b 1591
1764 a 2285
1764 b 2226
1765 a 1280
1765 b 1869
1766 a 1025
1766 b 2063
1767 a 1511
1767 b 2059
1768 a 1050
1768 b 2063
1769 a 1356
1769 b 2073
1770 a 1476
1770 b 2066
1771 a 1488
1771 b 2075
1772 a 1391
1772 b 2078
1773 a 1192
1773 b 2077
1774 a 1039
1774 b 1890
1775 a 1137
1775 b 1701
1776 a 1437
1776 b 1701
1777 a 1436
1777 b 2147
1778 a 973
1778 b 1754
1779 a 1154
1779 b 1702
1780 a 1152
1780 b 1740
1781 a 1154
1781 b 1813
1782 a 2376
1782 b 2223
1783 a 1174
1783 b 1746
1784 a 1168
1784 b 1763
1785 a 1183
1785 b 1702
1786 a 1504
1786 b 1702
1787 a 1505
1787 b 1738
1788 a 1089
1788 b 1739
1789 a 1375
1789 b 1891
1790 a 2293
1790 b 2037
1791 a 2338
1791 b 1743
1792 a 937
1792 b 2125
1793 a 940
1793 b 1947
1794 a 938
1794 b 1792
1795 a 937
1795 b 2180
1796 a 1351
1796 b 1973
1797 a 1371
1797 b 1872
1798 a 1358
1798 b 1933
1799 a 1459
1799 b 1993
1800 a 1014
1800 b 1984
1801 a 1503
1801 b 2114
1802 a 1104
1802 b 2088
1803 a 1211
1803 b 2146
1804 a 1258
1804 b 2146
1805 a 1472
1805 b 1974
1806 a 1472
1806 b 1978
1807 a 1496
1807 b 2153
1808 a 1111
1808 b 2153
1809 a 943
1809 b 1845
1810 a 1204
1810 b 1763
1811 a 1427
1811 b 1784
1812 a 1208
1812 b 1838
1813 a 1365
1813 b 1788
1814 a 1368
1814 b 2041
1815 a 1092
1815 b 1741
1816 a 1021
1816 b 1959
1817 a 2309
1817 b 1954
1818 a 1258
1818 b 1957
1819 a 2341
1819 b 1918
1820 a 1224
1820 b 2134
1821 a 2381
1821 b 1992
1822 a 1049
1822 b 1746
1823 a 944
1823 b 1825
1824 a 944
1824 b 1845
1825 a 1024
1825 b 1910
1826 a 1024
1826 b 2120
1827 a 1025
1827 b 2196
1828 a 1007
1828 b 2055
1829 a 1497
1829 b 1814
1830 a 1470
1830 b 1815
1831 a 1234
1831 b 2152
1832 a 1376
1832 b 2201
1833 a 1377
1833 b 1875
1834 a 1377
1834 b 2039
1835 a 1288
1835 b 1913
1836 a 1461
1836 b 2227
1837 a 1528
1837 b 1786
1838 a 1504
1838 b 1813
1839 a 1380
1839 b 2093
1840 a 1232
1840 b 2201
1841 a 1232
1841 b 1862
1842 a 1529
1842 b 1780
1843 a 1464
1843 b 1822
1844 a 1380
1844 b 1985
1845 a 1234
1845 b 1722
1846 a 1234
1846 b 1838
1847 a 1345
1847 b 2192
1848 a 1244
1848 b 1817
1849 a 1511
1849 b 1961
1850 a 1271
1850 b 1814
1851 a 1253
1851 b 2219
1852 a 1510
1852 b 1823
1853 a 1510
1853 b 2014
1854 a 1264
1854 b 2002
1855 a 1085
1855 b 1917
1856 a 1397
1856 b 1826
1857 a 1397
1857 b 1846
1858 a 1421
1858 b 1972
1859 a 1113
1859 b 1883
1860 a 1381
1860 b 2013
1861 a 1265
1861 b 1756
1862 a 1415
1862 b 1724
1863 a 1066
1863 b 1929
1864 a 1282
1864 b 1756
1865 a 1528
1865 b 2266
1866 a 1197
1866 b 2053
1867 a 1537
1867 b 2052
1868 a 1294
1868 b 2101
1869 a 1661
1869 b 790
1870 a 1608
1870 b 830
1871 a 1693
1871 b 881
1872 a 2069
1872 b 810
1873 a 2104
1873 b 852
1874 a 2083
1874 b 837
1875 a 2108
1875 b 834
1876 a 1806
1876 b 831
1877 a 1799
1877 b 837
1878 a 2003
1878 b 843
1879 a 2179
1879 b 853
1880 a 1946
1880 b 814
1881 a 2134
1881 b 889
1882 a 2026
1882 b 814
1883 a 1998
1883 b 903
1884 a 1858
1884 b 888
1885 a 2267
1885 b 2270
1886 a 2257
1886 b 2272
1887 a 2195
1887 b 2273
1888 a 1784
1888 b 2275
1889 a 1828
1889 b 2282
1890 a 2262
1890 b 2280
1891 a 1577
1891 b 2312
1892 a 1786
1892 b 2312
1893 a 2104
1893 b 914
1894 a 2053
1894 b 925
1895 a 1678
1895 b 1309
1896 a 1683
1896 b 1310
1897 a 1640
1897 b 1136
1898 a 1584
1898 b 1445
1899 a 1586
1899 b 2351
1900 a 1576
1900 b 2353
1901 a 1653
1901 b 2352
1902 a 1558
1902 b 2337
1903 a 1555
1903 b 1487
1904 a 1554
1904 b 1245
1905 a 1547
1905 b 2367
1906 a 1575
1906 b 2339
1907 a 1578
1907 b 2339
1908 a 1619
1908 b 1023
1909 a 1622
1909 b 1340
1910 a 1625
1910 b 960
1911 a 1693
1911 b 1354
1912 a 1610
1912 b 1425
1913 a 1592
1913 b 1457
1914 a 1639
1914 b 1216
1915 a 1600
1915 b 1217
1916 a 1611
1916 b 2361
1917 a 1665
1917 b 2381
1918 a 1595
1918 b 2363
1919 a 1672
1919 b 1487
1920 a 1647
1920 b 1331
1921 a 1640
1921 b 1239
1922 a 1696
1922 b 990
1923 a 1649
1923 b 1400
1924 a 1605
1924 b 1513
1925 a 1671
1925 b 1513
1926 a 1581
1926 b 1120
1927 a 1681
1927 b 1400
1928 a 1682
1928 b 1526
1929 a 1690
1929 b 1261
1930 a 1858
1930 b 1301
1931 a 2138
1931 b 1310
1932 a 2222
1932 b 1311
1933 a 2067
1933 b 1306
1934 a 2071
1934 b 1498
1935 a 2080
1935 b 1348
1936 a 1887
1936 b 1169
1937 a 1889
1937 b 1169
1938 a 1886
1938 b 986
1939 a 1887
1939 b 988
1940 a 2105
1940 b 1108
1941 a 2105
1941 b 1287
1942 a 2180
1942 b 1145
1943 a 1982
1943 b 1150
1944 a 1930
1944 b 1314
1945 a 2003
1945 b 1315
1946 a 2179
1946 b 1435
1947 a 1895
1947 b 1452
1948 a 1857
1948 b 1448
1949 a 1751
1949 b 1449
1950 a 2083
1950 b 1304
1951 a 1901
1951 b 2372
1952 a 1950
1952 b 1319
1953 a 1971
1953 b 1319
1954 a 1732
1954 b 1343
1955 a 2157
1955 b 954
1956 a 1879
1956 b 955
1957 a 1981
1957 b 974
1958 a 1901
1958 b 2289
1959 a 1978
1959 b 2292
1960 a 2100
1960 b 2287
1961 a 2268
1961 b 2287
1962 a 1899
1962 b 2338
1963 a 1900
1963 b 2346
1964 a 2231
1964 b 2354
1965 a 2124
1965 b 999
1966 a 1899
1966 b 2295
1967 a 2210
1967 b 1325
1968 a 2204
1968 b 1360
1969 a 2017
1969 b 1320
1970 a 1807
1970 b 2315
1971 a 1873
1971 b 1374
1972 a 1873
1972 b 1389
1973 a 1893
1973 b 1330
1974 a 2234
1974 b 1467
1975 a 1897
1975 b 985
1976 a 2132
1976 b 1158
1977 a 2108
1977 b 1331
1978 a 2089
1978 b 1363
1979 a 1811
1979 b 1363
1980 a 1778
1980 b 1416
1981 a 2089
1981 b 1471
1982 a 1811
1982 b 1471
1983 a 2116
1983 b 968
1984 a 2154
1984 b 1524
1985 a 1911
1985 b 1303
1986 a 1776
1986 b 1307
1987 a 1857
1987 b 1307
1988 a 2097
1988 b 1206
1989 a 1852
1989 b 1364
1990 a 2217
1990 b 987
1991 a 1996
1991 b 1480
1992 a 2011
1992 b 1480
1993 a 1936
1993 b 1350
1994 a 1791
1994 b 1215
1995 a 1779
1995 b 1341
1996 a 1799
1996 b 1304
1997 a 1899
1997 b 2363
1998 a 1852
1998 b 1482
1999 a 1755
1999 b 977
2000 a 1831
2000 b 978
2001 a 1761
2001 b 1156
2002 a 2266
2002 b 1483
2003 a 1758
2003 b 1484
2004 a 1962
2004 b 2336
2005 a 2134
2005 b 801
2006 a 1745
2006 b 2357
2007 a 1945
2007 b 1002
2008 a 1833
2008 b 1222
2009 a 2093
2009 b 2303
2010 a 2207
2010 b 2303
2011 a 2248
2011 b 1374
2012 a 1976
2012 b 1333
2013 a 1820
2013 b 1333
2014 a 1812
2014 b 2359
2015 a 2118
2015 b 1321
2016 a 2188
2016 b 1321
2017 a 2173
2017 b 1422
2018 a 2173
2018 b 1423
2019 a 1749
2019 b 1495
2020 a 2096
2020 b 1495
2021 a 2151
2021 b 1402
2022 a 1987
2022 b 2305
2023 a 2136
2023 b 2385
2024 a 2118
2024 b 1384
2025 a 2184
2025 b 1516
2026 a 1848
2026 b 1507
2027 a 1997
2027 b 1463
2028 a 2001
2028 b 1388
2029 a 1988
2029 b 1342
2030 a 2248
2030 b 1389
2031 a 1724
2031 b 1162
2032 a 1920
2032 b 1512
2033 a 1804
2033 b 1076
2034 a 1993
2034 b 2387
2035 a 1815
2035 b 1350
2036 a 1832
2036 b 1394
2037 a 1806
2037 b 1394
2038 a 1866
2038 b 1395
2039 a 1998
2039 b 1283
2040 a 2003
2040 b 1271
2041 a 2210
2041 b 1347
2042 a 2097
2042 b 1281
2043 a 1824
2043 b 1341
2044 a 1914
2044 b 1073
2045 a 2102
2045 b 1525
2046 a 2020
2046 b 1094
2047 a 1808
2047 b 1343
2048 a 2021
2048 b 947
2049 a 1926
2049 b 1342
2050 a 1833
2050 b 1121
2051 a 1846
2051 b 2322
2052 a 2238
2052 b 1413
2053 a 1848
2053 b 1540
2054 a 1865
2054 b 1117
2055 a 1884
2055 b 1542
2056 a 1859
2056 b 1087
2057 a 1276
2057 b 791
2058 a 793
2058 b 893
2059 a 794
2059 b 1214
2060 a 793
2060 b 1387
2061 a 792
2061 b 1084
2062 a 793
2062 b 1054
2063 a 794
2063 b 1060
2064 a 1136
2064 b 847
2065 a 1233
2065 b 827
2066 a 1062
2066 b 825
2067 a 967
2067 b 828
2068 a 1111
2068 b 833
2069 a 1063
2069 b 842
2070 a 1192
2070 b 851
2071 a 961
2071 b 897
2072 a 1481
2072 b 894
2073 a 1429
2073 b 866
2074 a 1502
2074 b 894
2075 a 1120
2075 b 871
2076 a 963
2076 b 890
2077 a 1415
2077 b 878
2078 a 966
2078 b 874
2079 a 969
2079 b 890
2080 a 948
2080 b 897
2081 a 1058
2081 b 898
2082 a 950
2082 b 819
2083 a 862
2083 b 918
2084 a 838
2084 b 1301
2085 a 857
2085 b 1145
2086 a 822
2086 b 1120
2087 a 823
2087 b 1116
2088 a 807
2088 b 1435
2089 a 840
2089 b 1168
2090 a 845
2090 b 1428
2091 a 813
2091 b 2326
2092 a 864
2092 b 1359
2093 a 855
2093 b 1304
2094 a 810
2094 b 2321
2095 a 811
2095 b 1190
2096 a 862
2096 b 992
2097 a 864
2097 b 1517
2098 a 867
2098 b 1394
2099 a 882
2099 b 1248
2100 a 875
2100 b 1394
2101 a 818
2101 b 802
2102 a 905
2102 b 2333
2103 a 1125
2103 b 2270
2104 a 1229
2104 b 2272
2105 a 1489
2105 b 2274
2106 a 1539
2106 b 2279
2107 a 1132
2107 b 2313
2108 a 1140
2108 b 928
2109 a 1142
2109 b 930
2110 a 2284
2110 b 920
2111 a 1356
2111 b 915
2112 a 1192
2112 b 913
2113 a 1404
2113 b 923
2114 a 914
2114 b 1127
2115 a 912
2115 b 1443
2116 a 928
2116 b 1443
2117 a 928
2117 b 1453
2118 a 919
2118 b 1392
2119 a 919
2119 b 1412
2120 a 914
2120 b 964
2121 a 913
2121 b 1075
2122 a 929
2122 b 1081
2123 a 1277
2123 b 935
2124 a 2360
2124 b 1444
2125 a 2370
2125 b 1087
2126 a 936
2126 b 797
2127 a 1096
2127 b 2349
2128 a 1096
2128 b 2287
2129 a 1368
2129 b 1144
2130 a 1375
2130 b 1132
2131 a 1109
2131 b 1134
2132 a 1376
2132 b 1139
2133 a 1149
2133 b 2300
2134 a 1151
2134 b 2286
2135 a 1136
2135 b 1179
2136 a 1125
2136 b 2316
2137 a 1133
2137 b 805
2138 a 1135
2138 b 1071
2139 a 1137
2139 b 1291
2140 a 1140
2140 b 1118
2141 a 1125
2141 b 1040
2142 a 1438
2142 b 1059
2143 a 1437
2143 b 1062
2144 a 1437
2144 b 1291
2145 a 1203
2145 b 2325
2146 a 973
2146 b 983
2147 a 973
2147 b 1164
2148 a 1063
2148 b 1154
2149 a 1154
2149 b 1155
2150 a 1154
2150 b 982
2151 a 1357
2151 b 1317
2152 a 1070
2152 b 1318
2153 a 1415
2153 b 1440
2154 a 1244
2154 b 1442
2155 a 1528
2155 b 1097
2156 a 1091
2156 b 1124
2157 a 937
2157 b 1424
2158 a 2372
2158 b 1326
2159 a 953
2159 b 2373
2160 a 1025
2160 b 1173
2161 a 1511
2161 b 1166
2162 a 1174
2162 b 1475
2163 a 955
2163 b 2297
2164 a 1052
2164 b 2289
2165 a 2336
2165 b 2338
2166 a 2356
2166 b 2343
2167 a 1198
2167 b 2342
2168 a 937
2168 b 1404
2169 a 938
2169 b 1488
2170 a 940
2170 b 1344
2171 a 1099
2171 b 2364
2172 a 1458
2172 b 1431
2173 a 1197
2173 b 1324
2174 a 1323
2174 b 1430
2175 a 1355
2175 b 1515
2176 a 1022
2176 b 2295
2177 a 2295
2177 b 1360
2178 a 1288
2178 b 1359
2179 a 1357
2179 b 1538
2180 a 1461
2180 b 1426
2181 a 976
2181 b 2355
2182 a 975
2182 b 2319
2183 a 1014
2183 b 1326
2184 a 1015
2184 b 2320
2185 a 1183
2185 b 982
2186 a 1033
2186 b 2302
2187 a 1496
2187 b 1362
2188 a 1111
2188 b 1362
2189 a 1192
2189 b 1468
2190 a 1363
2190 b 2329
2191 a 1369
2191 b 2329
2192 a 1205
2192 b 1479
2193 a 1276
2193 b 1019
2194 a 1427
2194 b 994
2195 a 1049
2195 b 1475
2196 a 1365
2196 b 1031
2197 a 1327
2197 b 1432
2198 a 1113
2198 b 1477
2199 a 1481
2199 b 1408
2200 a 1021
2200 b 1024
2201 a 1429
2201 b 1370
2202 a 1536
2202 b 1370
2203 a 1370
2203 b 2388
2204 a 1022
2204 b 2363
2205 a 1505
2205 b 984
2206 a 1280
2206 b 1460
2207 a 1218
2207 b 1349
2208 a 1007
2208 b 1329
2209 a 2356
2209 b 2340
2210 a 1033
2210 b 2381
2211 a 1046
2211 b 944
2212 a 1503
2212 b 1026
2213 a 1372
2213 b 1489
2214 a 1025
2214 b 996
2215 a 1033
2215 b 1028
2216 a 2304
2216 b 989
2217 a 1104
2217 b 1535
2218 a 1224
2218 b 1234
2219 a 1374
2219 b 2332
2220 a 1376
2220 b 1186
2221 a 1490
2221 b 1234
2222 a 1493
2222 b 1411
2223 a 1106
2223 b 1296
2224 a 1269
2224 b 1227
2225 a 1470
2225 b 1061
2226 a 1270
2226 b 1109
2227 a 1500
2227 b 1489
2228 a 1500
2228 b 1413
2229 a 1501
2229 b 1043
2230 a 1502
2230 b 1408
2231 a 1229
2231 b 2323
2232 a 1229
2232 b 1072
2233 a 1230
2233 b 1029
2234 a 1230
2234 b 1088
2235 a 946
2235 b 1254
2236 a 1059
2236 b 1235
2237 a 1256
2237 b 804
2238 a 1085
2238 b 1243
2239 a 1511
2239 b 1290
2240 a 1040
2240 b 1338
2241 a 1040
2241 b 1349
2242 a 1043
2242 b 2309
2243 a 1044
2243 b 1349
2244 a 1510
2244 b 1249
2245 a 991
2245 b 1410
2246 a 1403
2246 b 2384
2247 a 1078
2247 b 992
2248 a 1264
2248 b 1337
2249 a 2368
2249 b 1064
2250 a 950
2250 b 1051
2251 a 1405
2251 b 1515
2252 a 1240
2252 b 1274
2253 a 1279
2253 b 1338
2254 a 1529
2254 b 993
2255 a 1405
2255 b 1400
2256 a 1265
2256 b 1522
2257 a 1282
2257 b 1522
2258 a 1079
2258 b 1339
2259 a 1093
2259 b 1339
2260 a 1111
2260 b 1194
2261 a 1116
2261 b 1273
2262 a 1279
2262 b 1349
2263 a 1064
2263 b 1417
2264 a 1068
2264 b 1417
2265 a 1415
2265 b 1285
2266 a 1070
2266 b 1410
2267 a 1079
2267 b 1346
2268 a 1082
2268 b 1346
2269 a 1093
2269 b 1346
2270 a 56
2270 b 640
2271 a 318
2271 b 78
2272 a 318
2272 b 620
2273 a 528
2273 b 95
2274 a 694
2274 b 606
2275 a 603
2275 b 522
2276 a 210
2276 b 517
2277 a 528
2277 b 689
2278 a 226
2278 b 190
2279 a 401
2279 b 129
2280 a 127
2280 b 120
2281 a 611
2281 b 558
2282 a 249
2282 b 574
2283 a 1683
2283 b 26
2284 a 1847
2284 b 26
2285 a 892
2285 b 9
2286 a 1658
2286 b 144
2287 a 1782
2287 b 686
2288 a 2164
2288 b 119
2289 a 1746
2289 b 239
2290 a 2171
2290 b 90
2291 a 1970
2291 b 625
2292 a 1818
2292 b 281
2293 a 1914
2293 b 270
2294 a 844
2294 b 84
2295 a 811
2295 b 668
2296 a 850
2296 b 540
2297 a 886
2297 b 116
2298 a 901
2298 b 149
2299 a 1037
2299 b 307
2300 a 1337
2300 b 469
2301 a 1030
2301 b 499
2302 a 1085
2302 b 179
2303 a 1356
2303 b 163
2304 a 1352
2304 b 394
2305 a 1347
2305 b 526
2306 a 1476
2306 b 776
2307 a 1329
2307 b 394
2308 a 1057
2308 b 697
2309 a 1382
2309 b 743
2310 a 1188
2310 b 764
2311 a 1295
2311 b 643
2312 a 33
2312 b 1706
2313 a 63
2313 b 1182
2314 a 343
2314 b 2106
2315 a 314
2315 b 1716
2316 a 583
2316 b 2256
2317 a 138
2317 b 1773
2318 a 106
2318 b 2182
2319 a 145
2319 b 1893
2320 a 531
2320 b 1938
2321 a 409
2321 b 2133
2322 a 260
2322 b 2112
2323 a 269
2323 b 2263
2324 a 508
2324 b 827
2325 a 343
2325 b 1171
2326 a 83
2326 b 1131
2327 a 108
2327 b 1128
2328 a 702
2328 b 1146
2329 a 370
2329 b 1119
2330 a 738
2330 b 1203
2331 a 545
2331 b 1241
2332 a 641
2332 b 1259
2333 a 758
2333 b 1091
2334 a 269
2334 b 1272
2335 a 1614
2335 b 1552
2336 a 1547
2336 b 1660
2337 a 1565
2337 b 1594
2338 a 1899
2338 b 1596
2339 a 1747
2339 b 1581
2340 a 1549
2340 b 1744
2341 a 1580
2341 b 1744
2342 a 1741
2342 b 1855
2343 a 1963
2343 b 1900
2344 a 2149
2344 b 1904
2345 a 1907
2345 b 2209
2346 a 1745
2346 b 1918
2347 a 2031
2347 b 2238
2348 a 907
2348 b 1885
2349 a 862
2349 b 2175
2350 a 929
2350 b 1924
2351 a 2338
2351 b 1566
2352 a 2302
2352 b 1668
2353 a 2361
2353 b 1586
2354 a 953
2354 b 2076
2355 a 1420
2355 b 2083
2356 a 2338
2356 b 2006
2357 a 2343
2357 b 2004
2358 a 1459
2358 b 1769
2359 a 1407
2359 b 2111
2360 a 1970
2360 b 856
2361 a 1554
2361 b 2366
2362 a 1585
2362 b 1521
2363 a 1743
2363 b 2343
2364 a 1764
2364 b 1271
2365 a 2145
2365 b 1045
2366 a 1907
2366 b 2335
2367 a 1918
2367 b 2336
2368 a 2113
2368 b 1322
2369 a 1175
2369 b 814
2370 a 1308
2370 b 900
2371 a 1110
2371 b 814
2372 a 813
2372 b 921
2373 a 851
2373 b 2383
2374 a 892
2374 b 2382
2375 a 870
2375 b 1298
2376 a 901
2376 b 1506
2377 a 1012
2377 b 922
2378 a 1057
2378 b 795
2379 a 1095
2379 b 2301
2380 a 1262
2380 b 1450
2381 a 1398
2381 b 2290
2382 a 1223
2382 b 1004
2383 a 1189
2383 b 941
2384 a 2365
2384 b 981
2385 a 1333
2385 b 1255
2386 a 1494
2386 b 1053
2387 a 1080
2387 b 2308
2388 a 2310
2388 b 1058
2096
119
2270
2271
2272
2273
2274
2275
2276
2277
2278
2279
2280
2281
2282
2283
2284
2285
2286
2287
2288
2289
2290
2291
2292
2293
2294
2295
2296
2297
2298
2299
2300
2301
2302
2303
2304
2305
2306
2307
2308
2309
2310
2311
2312
2313
2314
2315
2316
2317
2318
2319
2320
2321
2322
2323
2324
2325
2326
2327
2328
2329
2330
2331
2332
2333
2334
2335
2336
2337
2338
2339
2340
2341
2342
2343
2344
2345
2346
2347
2348
2349
2350
2351
2352
2353
2354
2355
2356
2357
2358
2359
2360
2361
2362
2363
2364
2365
2366
2367
2368
2369
2370
2371
2372
2373
2374
2375
2376
2377
2378
2379
2380
2381
2382
2383
2384
2385
2386
2387
2388
789
0
1
2
3
4
5
6
7
8
9
10
11
12
13
14
15
16
17
18
19
20
21
22
23
24
25
26
27
28
29
30
31
32
33
34
35
36
37
38
39
40
41
42
43
44
45
46
47
48
49
50
51
52
53
54
55
56
57
58
59
60
61
62
63
64
65
66
67
68
69
70
71
72
73
74
75
76
77
78
79
80
81
82
83
84
85
86
87
88
89
90
91
92
93
94
95
96
97
98
99
100
101
102
103
104
105
106
107
108
109
110
111
112
113
114
115
116
117
118
119
120
121
122
123
124
125
126
127
128
129
130
131
132
133
134
135
136
137
138
139
140
141
142
143
144
145
146
147
148
149
150
151
152
153
154
155
156
157
158
159
160
161
162
163
164
165
166
167
168
169
170
171
172
173
174
175
176
177
178
179
180
181
182
183
184
185
186
187
188
189
190
191
192
193
194
195
196
197
198
199
200
201
202
203
204
205
206
207
208
209
210
211
212
213
214
215
216
217
218
219
220
221
222
223
224
225
226
227
228
229
230
231
232
233
234
235
236
237
238
239
240
241
242
243
244
245
246
247
248
249
250
251
252
253
254
255
256
257
258
259
260
261
262
263
264
265
266
267
268
269
270
271
272
273
274
275
276
277
278
279
280
281
282
283
284
285
286
287
288
289
290
291
292
293
294
295
296
297
298
299
300
301
302
303
304
305
306
307
308
309
310
311
312
313
314
315
316
317
318
319
320
321
322
323
324
325
326
327
328
329
330
331
332
333
334
335
336
337
338
339
340
341
342
343
344
345
346
347
348
349
350
351
352
353
354
355
356
357
358
359
360
361
362
363
364
365
366
367
368
369
370
371
372
373
374
375
376
377
378
379
380
381
382
383
384
385
386
387
388
389
390
391
392
393
394
395
396
397
398
399
400
401
402
403
404
405
406
407
408
409
410
411
412
413
414
415
416
417
418
419
420
421
422
423
424
425
426
427
428
429
430
431
432
433
434
435
436
437
438
439
440
441
442
443
444
445
446
447
448
449
450
451
452
453
454
455
456
457
458
459
460
461
462
463
464
465
466
467
468
469
470
471
472
473
474
475
476
477
478
479
480
481
482
483
484
485
486
487
488
489
490
491
492
493
494
495
496
497
498
499
500
501
502
503
504
505
506
507
508
509
510
511
512
513
514
515
516
517
518
519
520
521
522
523
524
525
526
527
528
529
530
531
532
533
534
535
536
537
538
539
540
541
542
543
544
545
546
547
548
549
550
551
552
553
554
555
556
557
558
559
560
561
562
563
564
565
566
567
568
569
570
571
572
573
574
575
576
577
578
579
580
581
582
583
584
585
586
587
588
589
590
591
592
593
594
595
596
597
598
599
600
601
602
603
604
605
606
607
608
609
610
611
612
613
614
615
616
617
618
619
620
621
622
623
624
625
626
627
628
629
630
631
632
633
634
635
636
637
638
639
640
641
642
643
644
645
646
647
648
649
650
651
652
653
654
655
656
657
658
659
660
661
662
663
664
665
666
667
668
669
670
671
672
673
674
675
676
677
678
679
680
681
682
683
684
685
686
687
688
689
690
691
692
693
694
695
696
697
698
699
700
701
702
703
704
705
706
707
708
709
710
711
712
713
714
715
716
717
718
719
720
721
722
723
724
725
726
727
728
729
730
731
732
733
734
735
736
737
738
739
740
741
742
743
744
745
746
747
748
749
750
751
752
753
754
755
756
757
758
759
760
761
762
763
764
765
766
767
768
769
770
771
772
773
774
775
776
777
778
779
780
781
782
783
784
785
786
787
788
1481
789
790
791
792
793
794
795
796
797
798
799
800
801
802
803
804
805
806
807
808
809
810
811
812
813
814
815
816
817
818
819
820
821
822
823
824
825
826
827
828
829
830
831
832
833
834
835
836
837
838
839
840
841
842
843
844
845
846
847
848
849
850
851
852
853
854
855
856
857
858
859
860
861
862
863
864
865
866
867
868
869
870
871
872
873
874
875
876
877
878
879
880
881
882
883
884
885
886
887
888
889
890
891
892
893
894
895
896
897
898
899
900
901
902
903
904
905
906
907
908
909
910
911
912
913
914
915
916
917
918
919
920
921
922
923
924
925
926
927
928
929
930
931
932
933
934
935
936
937
938
939
940
941
942
943
944
945
946
947
948
949
950
951
952
953
954
955
956
957
958
959
960
961
962
963
964
965
966
967
968
969
970
971
972
973
974
975
976
977
978
979
980
981
982
983
984
985
986
987
988
989
990
991
992
993
994
995
996
997
998
999
1000
1001
1002
1003
1004
1005
1006
1007
1008
1009
1010
1011
1012
1013
1014
1015
1016
1017
1018
1019
1020
1021
1022
1023
1024
1025
1026
1027
1028
1029
1030
1031
1032
1033
1034
1035
1036
1037
1038
1039
1040
1041
1042
1043
1044
1045
1046
1047
1048
1049
1050
1051
1052
1053
1054
1055
1056
1057
1058
1059
1060
1061
1062
1063
1064
1065
1066
1067
1068
1069
1070
1071
1072
1073
1074
1075
1076
1077
1078
1079
1080
1081
1082
1083
1084
1085
1086
1087
1088
1089
1090
1091
1092
1093
1094
1095
1096
1097
1098
1099
1100
1101
1102
1103
1104
1105
1106
1107
1108
1109
1110
1111
1112
1113
1114
1115
1116
1117
1118
1119
1120
1121
1122
1123
1124
1125
1126
1127
1128
1129
1130
1131
1132
1133
1134
1135
1136
1137
1138
1139
1140
1141
1142
1143
1144
1145
1146
1147
1148
1149
1150
1151
1152
1153
1154
1155
1156
1157
1158
1159
1160
1161
1162
1163
1164
1165
1166
1167
1168
1169
1170
1171
1172
1173
1174
1175
1176
1177
1178
1179
1180
1181
1182
1183
1184
1185
1186
1187
1188
1189
1190
1191
1192
1193
1194
1195
1196
1197
1198
1199
1200
1201
1202
1203
1204
1205
1206
1207
1208
1209
1210
1211
1212
1213
1214
1215
1216
1217
1218
1219
1220
1221
1222
1223
1224
1225
1226
1227
1228
1229
1230
1231
1232
1233
1234
1235
1236
1237
1238
1239
1240
1241
1242
1243
1244
1245
1246
1247
1248
1249
1250
1251
1252
1253
1254
1255
1256
1257
1258
1259
1260
1261
1262
1263
1264
1265
1266
1267
1268
1269
1270
1271
1272
1273
1274
1275
1276
1277
1278
1279
1280
1281
1282
1283
1284
1285
1286
1287
1288
1289
1290
1291
1292
1293
1294
1295
1296
1297
1298
1299
1300
1301
1302
1303
1304
1305
1306
1307
1308
1309
1310
1311
1312
1313
1314
1315
1316
1317
1318
1319
1320
1321
1322
1323
1324
1325
1326
1327
1328
1329
1330
1331
1332
1333
1334
1335
1336
1337
1338
1339
1340
1341
1342
1343
1344
1345
1346
1347
1348
1349
1350
1351
1352
1353
1354
1355
1356
1357
1358
1359
1360
1361
1362
1363
1364
1365
1366
1367
1368
1369
1370
1371
1372
1373
1374
1375
1376
1377
1378
1379
1380
1381
1382
1383
1384
1385
1386
1387
1388
1389
1390
1391
1392
1393
1394
1395
1396
1397
1398
1399
1400
1401
1402
1403
1404
1405
1406
1407
1408
1409
1410
1411
1412
1413
1414
1415
1416
1417
1418
1419
1420
1421
1422
1423
1424
1425
1426
1427
1428
1429
1430
1431
1432
1433
1434
1435
1436
1437
1438
1439
1440
1441
1442
1443
1444
1445
1446
1447
1448
1449
1450
1451
1452
1453
1454
1455
1456
1457
1458
1459
1460
1461
1462
1463
1464
1465
1466
1467
1468
1469
1470
1471
1472
1473
1474
1475
1476
1477
1478
1479
1480
1481
1482
1483
1484
1485
1486
1487
1488
1489
1490
1491
1492
1493
1494
1495
1496
1497
1498
1499
1500
1501
1502
1503
1504
1505
1506
1507
1508
1509
1510
1511
1512
1513
1514
1515
1516
1517
1518
1519
1520
1521
1522
1523
1524
1525
1526
1527
1528
1529
1530
1531
1532
1533
1534
1535
1536
1537
1538
1539
1540
1541
1542
1543
1544
1545
1546
1547
1548
1549
1550
1551
1552
1553
1554
1555
1556
1557
1558
1559
1560
1561
1562
1563
1564
1565
1566
1567
1568
1569
1570
1571
1572
1573
1574
1575
1576
1577
1578
1579
1580
1581
1582
1583
1584
1585
1586
1587
1588
1589
1590
1591
1592
1593
1594
1595
1596
1597
1598
1599
1600
1601
1602
1603
1604
1605
1606
1607
1608
1609
1610
1611
1612
1613
1614
1615
1616
1617
1618
1619
1620
1621
1622
1623
1624
1625
1626
1627
1628
1629
1630
1631
1632
1633
1634
1635
1636
1637
1638
1639
1640
1641
1642
1643
1644
1645
1646
1647
1648
1649
1650
1651
1652
1653
1654
1655
1656
1657
1658
1659
1660
1661
1662
1663
1664
1665
1666
1667
1668
1669
1670
1671
1672
1673
1674
1675
1676
1677
1678
1679
1680
1681
1682
1683
1684
1685
1686
1687
1688
1689
1690
1691
1692
1693
1694
1695
1696
1697
1698
1699
1700
1701
1702
1703
1704
1705
1706
1707
1708
1709
1710
1711
1712
1713
1714
1715
1716
1717
1718
1719
1720
1721
1722
1723
1724
1725
1726
1727
1728
1729
1730
1731
1732
1733
1734
1735
1736
1737
1738
1739
1740
1741
1742
1743
1744
1745
1746
1747
1748
1749
1750
1751
1752
1753
1754
1755
1756
1757
1758
1759
1760
1761
1762
1763
1764
1765
1766
1767
1768
1769
1770
1771
1772
1773
1774
1775
1776
1777
1778
1779
1780
1781
1782
1783
1784
1785
1786
1787
1788
1789
1790
1791
1792
1793
1794
1795
1796
1797
1798
1799
1800
1801
1802
1803
1804
1805
1806
1807
1808
1809
1810
1811
1812
1813
1814
1815
1816
1817
1818
1819
1820
1821
1822
1823
1824
1825
1826
1827
1828
1829
1830
1831
1832
1833
1834
1835
1836
1837
1838
1839
1840
1841
1842
1843
1844
1845
1846
1847
1848
1849
1850
1851
1852
1853
1854
1855
1856
1857
1858
1859
1860
1861
1862
1863
1864
1865
1866
1867
1868
1869
1870
1871
1872
1873
1874
1875
1876
1877
1878
1879
1880
1881
1882
1883
1884
1885
1886
1887
1888
1889
1890
1891
1892
1893
1894
1895
1896
1897
1898
1899
1900
1901
1902
1903
1904
1905
1906
1907
1908
1909
1910
1911
1912
1913
1914
1915
1916
1917
1918
1919
1920
1921
1922
1923
1924
1925
1926
1927
1928
1929
1930
1931
1932
1933
1934
1935
1936
1937
1938
1939
1940
1941
1942
1943
1944
1945
1946
1947
1948
1949
1950
1951
1952
1953
1954
1955
1956
1957
1958
1959
1960
1961
1962
1963
1964
1965
1966
1967
1968
1969
1970
1971
1972
1973
1974
1975
1976
1977
1978
1979
1980
1981
1982
1983
1984
1985
1986
1987
1988
1989
1990
1991
1992
1993
1994
1995
1996
1997
1998
1999
2000
2001
2002
2003
2004
2005
2006
2007
2008
2009
2010
2011
2012
2013
2014
2015
2016
2017
2018
2019
2020
2021
2022
2023
2024
2025
2026
2027
2028
2029
2030
2031
2032
2033
2034
2035
2036
2037
2038
2039
2040
2041
2042
2043
2044
2045
2046
2047
2048
2049
2050
2051
2052
2053
2054
2055
2056
2057
2058
2059
2060
2061
2062
2063
2064
2065
2066
2067
2068
2069
2070
2071
2072
2073
2074
2075
2076
2077
2078
2079
2080
2081
2082
2083
2084
2085
2086
2087
2088
2089
2090
2091
2092
2093
2094
2095
2096
2097
2098
2099
2100
2101
2102
2103
2104
2105
2106
2107
2108
2109
2110
2111
2112
2113
2114
2115
2116
2117
2118
2119
2120
2121
2122
2123
2124
2125
2126
2127
2128
2129
2130
2131
2132
2133
2134
2135
2136
2137
2138
2139
2140
2141
2142
2143
2144
2145
2146
2147
2148
2149
2150
2151
2152
2153
2154
2155
2156
2157
2158
2159
2160
2161
2162
2163
2164
2165
2166
2167
2168
2169
2170
2171
2172
2173
2174
2175
2176
2177
2178
2179
2180
2181
2182
2183
2184
2185
2186
2187
2188
2189
2190
2191
2192
2193
2194
2195
2196
2197
2198
2199
2200
2201
2202
2203
2204
2205
2206
2207
2208
2209
2210
2211
2212
2213
2214
2215
2216
2217
2218
2219
2220
2221
2222
2223
2224
2225
2226
2227
2228
2229
2230
2231
2232
2233
2234
2235
2236
2237
2238
2239
2240
2241
2242
2243
2244
2245
2246
2247
2248
2249
2250
2251
2252
2253
2254
2255
2256
2257
2258
2259
2260
2261
2262
2263
2264
2265
2266
2267
2268
2269
